2025-05-02 23:39:00,647 - INFO - Track = Anna (Go to Him) inserted
2025-05-02 23:39:00,891 - INFO - Track = Misery inserted
2025-05-02 23:39:02,838 - INFO - Track = I Saw Her Standing There inserted
2025-05-02 23:39:05,831 - INFO - Track = Chains inserted
2025-05-02 23:39:06,139 - INFO - Track = Boys inserted
2025-05-02 23:39:08,004 - INFO - Track = Ask Me Why inserted
2025-05-02 23:39:10,432 - INFO - Track = Love Me Do inserted
2025-05-02 23:39:11,093 - INFO - Track = Please Please Me inserted
2025-05-02 23:39:11,690 - INFO - Track = P.S. I Love You inserted
2025-05-02 23:39:15,127 - INFO - Track = Do You Want to Know a Secret inserted
2025-05-02 23:39:15,521 - INFO - Track = Baby It's You inserted
2025-05-02 23:39:17,559 - INFO - Track = A Taste of Honey inserted
2025-05-02 23:39:19,700 - INFO - Track = There's a Place inserted
2025-05-02 23:39:20,161 - INFO - Track = Twist and Shout inserted
2025-05-02 23:39:26,776 - INFO - Track = Sgt. Pepper's Lonely Hearts Club Band inserted
2025-05-02 23:39:27,210 - INFO - Track = Lucy in the Sky With Diamonds inserted
2025-05-02 23:39:28,293 - INFO - Track = With a Little Help From My Friends inserted
2025-05-02 23:39:31,320 - INFO - Track = Getting Better inserted
2025-05-02 23:39:31,614 - INFO - Track = Fixing a Hole inserted
2025-05-02 23:39:32,991 - INFO - Track = She's Leaving Home inserted
2025-05-02 23:39:36,131 - INFO - Track = Being For The Benefit Of Mr. Kite ! inserted
2025-05-02 23:39:37,996 - INFO - Track = When I'm Sixty-Four inserted
2025-05-02 23:39:38,775 - INFO - Track = Within You Without You inserted
2025-05-02 23:39:40,790 - INFO - Track = Lovely Rita inserted
2025-05-02 23:39:42,666 - INFO - Track = Good Morning Good Morning inserted
2025-05-02 23:39:43,304 - INFO - Track = Sgt. Pepper's Lonely Hearts Club Band inserted
2025-05-02 23:39:47,892 - INFO - Track = A Day in the Life inserted
2025-05-02 23:39:52,281 - INFO - Track = I Should Have Known Better inserted
2025-05-02 23:39:57,624 - INFO - Track = If I Fell inserted
2025-05-02 23:39:58,315 - INFO - Track = A Hard Day's Night inserted
2025-05-02 23:39:59,531 - INFO - Track = I'm Happy Just to Dance with You inserted
2025-05-02 23:40:06,019 - INFO - Track = Tell Me Why inserted
2025-05-02 23:40:08,492 - INFO - Track = Can't Buy Me Love inserted
2025-05-02 23:40:10,966 - INFO - Track = Any Time at All inserted
2025-05-02 23:40:11,278 - INFO - Track = And I Love Her inserted
2025-05-02 23:40:15,384 - INFO - Track = I'll Cry Instead inserted
2025-05-02 23:40:17,795 - INFO - Track = When I Get Home inserted
2025-05-02 23:40:18,085 - INFO - Track = Things We Said Today inserted
2025-05-02 23:40:19,958 - INFO - Track = You Can't Do That inserted
2025-05-02 23:40:25,561 - INFO - Track = I'll Be Back inserted
2025-05-02 23:40:31,015 - INFO - Track = Walk All Over You inserted
2025-05-02 23:40:31,786 - INFO - Track = Girls Got Rhythm inserted
2025-05-02 23:40:32,390 - INFO - Track = Highway to Hell inserted
2025-05-02 23:40:36,548 - INFO - Track = Touch Too Much inserted
2025-05-02 23:40:36,845 - INFO - Track = Beating Around the Bush inserted
2025-05-02 23:40:37,797 - INFO - Track = Shot Down in Flames inserted
2025-05-02 23:40:41,122 - INFO - Track = Get It Hot inserted
2025-05-02 23:40:42,500 - INFO - Track = If You Want Blood (You've Got It) inserted
2025-05-02 23:40:43,289 - INFO - Track = Love Hungry Man inserted
2025-05-02 23:40:46,572 - INFO - Track = Night Prowler inserted
2025-05-02 23:40:50,526 - INFO - Track = Shoot to Thrill inserted
2025-05-02 23:40:51,744 - INFO - Track = What Do You Do for Money Honey inserted
2025-05-02 23:40:52,229 - INFO - Track = Hells Bells inserted
2025-05-02 23:40:56,848 - INFO - Track = Given the Dog a Bone inserted
2025-05-02 23:40:57,039 - INFO - Track = Let Me Put My Love Into You inserted
2025-05-02 23:40:58,032 - INFO - Track = Back in Black inserted
2025-05-02 23:41:00,756 - INFO - Track = Have a Drink on Me inserted
2025-05-02 23:41:02,467 - INFO - Track = Shake a Leg inserted
2025-05-02 23:41:05,058 - INFO - Track = You Shook Me All Night Long inserted
2025-05-02 23:41:05,691 - INFO - Track = Rock and Roll Ain't Noise Pollution inserted
2025-05-02 23:41:11,088 - INFO - Track = The Stranger inserted
2025-05-02 23:41:12,579 - INFO - Track = Just the Way You Are inserted
2025-05-02 23:41:12,688 - INFO - Track = Movin' Out (Anthony's Song) inserted
2025-05-02 23:41:15,999 - INFO - Track = Scenes from an Italian Restaurant inserted
2025-05-02 23:41:16,420 - INFO - Track = Only the Good Die Young inserted
2025-05-02 23:41:16,720 - INFO - Track = Vienna inserted
2025-05-02 23:41:20,268 - INFO - Track = Get It Right the First Time inserted
2025-05-02 23:41:21,996 - INFO - Track = Everybody Has a Dream inserted
2025-05-02 23:41:22,130 - INFO - Track = She's Always a Woman inserted
2025-05-02 23:41:27,288 - INFO - Track = Big Shot inserted
2025-05-02 23:41:29,499 - INFO - Track = My Life inserted
2025-05-02 23:41:29,536 - INFO - Track = Honesty inserted
2025-05-02 23:41:32,468 - INFO - Track = Zanzibar inserted
2025-05-02 23:41:34,117 - INFO - Track = Rosalinda's Eyes inserted
2025-05-02 23:41:35,503 - INFO - Track = Stiletto inserted
2025-05-02 23:41:37,343 - INFO - Track = Half A Mile Away inserted
2025-05-02 23:41:39,615 - INFO - Track = Until the Night inserted
2025-05-02 23:41:39,937 - INFO - Track = 52nd Street inserted
2025-05-02 23:41:44,768 - INFO - Track = Paranoid Android inserted
2025-05-02 23:41:45,319 - INFO - Track = Subterranean Homesick Alien inserted
2025-05-02 23:41:46,247 - INFO - Track = Airbag inserted
2025-05-02 23:41:50,162 - INFO - Track = Exit Music (for a Film) inserted
2025-05-02 23:41:50,420 - INFO - Track = Let Down inserted
2025-05-02 23:41:51,051 - INFO - Track = Karma Police inserted
2025-05-02 23:41:53,670 - INFO - Track = Fitter Happier inserted
2025-05-02 23:41:56,168 - INFO - Track = Electioneering inserted
2025-05-02 23:41:57,520 - INFO - Track = Climbing Up the Walls inserted
2025-05-02 23:42:00,585 - INFO - Track = No Surprises inserted
2025-05-02 23:42:01,566 - INFO - Track = Lucky inserted
2025-05-02 23:42:02,778 - INFO - Track = The Tourist inserted
2025-05-02 23:42:07,681 - INFO - Track = Everything in Its Right Place inserted
2025-05-02 23:42:09,790 - INFO - Track = The National Anthem inserted
2025-05-02 23:42:09,798 - INFO - Track = Kid A inserted
2025-05-02 23:42:15,228 - INFO - Track = Optimistic inserted
2025-05-02 23:42:15,350 - INFO - Track = Treefingers inserted
2025-05-02 23:42:15,473 - INFO - Track = How to Disappear Completely inserted
2025-05-02 23:42:21,796 - INFO - Track = In Limbo inserted
2025-05-02 23:42:21,799 - INFO - Track = Idioteque inserted
2025-05-02 23:42:21,880 - INFO - Track = Morning Bell inserted
2025-05-02 23:42:28,803 - INFO - Track = Motion Picture Soundtrack inserted
2025-05-02 23:42:33,590 - INFO - Track = Bodysnatchers inserted
2025-05-02 23:42:34,027 - INFO - Track = 15 Step inserted
2025-05-02 23:42:35,526 - INFO - Track = Nude inserted
2025-05-02 23:42:40,067 - INFO - Track = All I Need inserted
2025-05-02 23:42:40,082 - INFO - Track = Weird Fishes/Arpeggi inserted
2025-05-02 23:42:41,947 - INFO - Track = Faust Arp inserted
2025-05-02 23:42:46,362 - INFO - Track = House of Cards inserted
2025-05-02 23:42:46,663 - INFO - Track = Reckoner inserted
2025-05-02 23:42:48,487 - INFO - Track = Jigsaw Falling Into Place inserted
2025-05-02 23:42:52,294 - INFO - Track = Videotape inserted
2025-05-02 23:42:57,563 - INFO - Track = Shiver inserted
2025-05-02 23:42:59,171 - INFO - Track = This Love inserted
2025-05-02 23:42:59,177 - INFO - Track = Harder to Breathe inserted
2025-05-02 23:43:02,127 - INFO - Track = She Will Be Loved inserted
2025-05-02 23:43:04,356 - INFO - Track = The Sun inserted
2025-05-02 23:43:04,391 - INFO - Track = Tangled inserted
2025-05-02 23:43:08,859 - INFO - Track = Must Get Out inserted
2025-05-02 23:43:10,021 - INFO - Track = Secret inserted
2025-05-02 23:43:13,136 - INFO - Track = Sunday Morning inserted
2025-05-02 23:43:13,946 - INFO - Track = Through with You inserted
2025-05-02 23:43:14,918 - INFO - Track = Not Coming Home inserted
2025-05-02 23:43:19,442 - INFO - Track = Sweetest Goodbye inserted
2025-05-02 23:43:24,545 - INFO - Track = Daylight inserted
2025-05-02 23:43:25,393 - INFO - Track = Payphone inserted
2025-05-02 23:43:26,412 - INFO - Track = One More Night inserted
2025-05-02 23:43:28,057 - INFO - Track = Lucky Strike inserted
2025-05-02 23:43:31,422 - INFO - Track = Ladykiller inserted
2025-05-02 23:43:32,454 - INFO - Track = The Man Who Never Lied inserted
2025-05-02 23:43:33,043 - INFO - Track = Love Somebody inserted
2025-05-02 23:43:35,562 - INFO - Track = Fortune Teller inserted
2025-05-02 23:43:35,765 - INFO - Track = Sad inserted
2025-05-02 23:43:38,941 - INFO - Track = Doin' Dirt inserted
2025-05-02 23:43:39,481 - INFO - Track = Tickets inserted
2025-05-02 23:43:41,362 - INFO - Track = Beautiful Goodbye inserted
2025-05-02 23:43:46,538 - INFO - Track = Born to Die inserted
2025-05-02 23:43:49,388 - INFO - Track = Off to the Races inserted
2025-05-02 23:43:50,595 - INFO - Track = Blue Jeans inserted
2025-05-02 23:43:52,921 - INFO - Track = Video Games inserted
2025-05-02 23:43:59,028 - INFO - Track = National Anthem inserted
2025-05-02 23:44:00,099 - INFO - Track = Dark Paradise inserted
2025-05-02 23:44:00,525 - INFO - Track = Radio inserted
2025-05-02 23:44:06,041 - INFO - Track = Carmen inserted
2025-05-02 23:44:08,247 - INFO - Track = Million Dollar Man inserted
2025-05-02 23:44:08,357 - INFO - Track = Summertime Sadness inserted
2025-05-02 23:44:10,914 - INFO - Track = This Is What Makes Us Girls inserted
2025-05-02 23:44:16,168 - INFO - Track = Venice Bitch inserted
2025-05-02 23:44:16,602 - INFO - Track = Mariners Apartment Complex inserted
2025-05-02 23:44:17,806 - INFO - Track = Norman fucking Rockwell inserted
2025-05-02 23:44:22,738 - INFO - Track = Fuck it I love you inserted
2025-05-02 23:44:23,340 - INFO - Track = Doin' Time inserted
2025-05-02 23:44:24,027 - INFO - Track = Love song inserted
2025-05-02 23:44:26,777 - INFO - Track = Cinnamon Girl inserted
2025-05-02 23:44:28,932 - INFO - Track = California inserted
2025-05-02 23:44:29,403 - INFO - Track = How to disappear inserted
2025-05-02 23:44:34,246 - INFO - Track = The Next Best American Record inserted
2025-05-02 23:44:35,147 - INFO - Track = The Greatest inserted
2025-05-02 23:44:35,350 - INFO - Track = Bartender inserted
2025-05-02 23:44:40,339 - INFO - Track = Happiness is a butterfly inserted
2025-05-02 23:44:42,709 - INFO - Track = Hope Is a Dangerous Thing for a Woman Like Me to Have - But I Have It inserted
2025-05-02 23:44:46,963 - INFO - Track = Floated By inserted
2025-05-02 23:44:47,340 - INFO - Track = Soulless Friends inserted
2025-05-02 23:44:49,872 - INFO - Track = Where the Money Flows inserted
2025-05-02 23:44:50,348 - INFO - Track = Vishnu <3 inserted
2025-05-02 23:44:51,122 - INFO - Track = Memory Box inserted
2025-05-02 23:44:54,799 - INFO - Track = Freezing inserted
2025-05-02 23:44:54,917 - INFO - Track = I'm This inserted
2025-05-02 23:44:55,104 - INFO - Track = Heera inserted
2025-05-02 23:44:58,927 - INFO - Track = Shit I'm Dreaming inserted
2025-05-02 23:44:59,037 - INFO - Track = Remain in Me inserted
2025-05-02 23:45:03,528 - INFO - Track = Seek & Destroy inserted
2025-05-02 23:45:05,182 - INFO - Track = Kill Bill inserted
2025-05-02 23:45:05,731 - INFO - Track = SOS inserted
2025-05-02 23:45:08,968 - INFO - Track = Low inserted
2025-05-02 23:45:10,396 - INFO - Track = Love Language inserted
2025-05-02 23:45:11,579 - INFO - Track = Blind inserted
2025-05-02 23:45:13,124 - INFO - Track = Used (feat. Don Toliver) inserted
2025-05-02 23:45:15,462 - INFO - Track = Notice Me inserted
2025-05-02 23:45:17,704 - INFO - Track = Snooze inserted
2025-05-02 23:45:18,008 - INFO - Track = Gone Girl inserted
2025-05-02 23:45:21,359 - INFO - Track = Smoking on My Ex Pack inserted
2025-05-02 23:45:21,555 - INFO - Track = Ghost in the Machine (feat. Phoebe Bridgers) inserted
2025-05-02 23:45:22,173 - INFO - Track = F2F inserted
2025-05-02 23:45:25,722 - INFO - Track = Conceited inserted
2025-05-02 23:45:26,027 - INFO - Track = Nobody Gets Me inserted
2025-05-02 23:45:27,526 - INFO - Track = Special inserted
2025-05-02 23:45:30,178 - INFO - Track = Far inserted
2025-05-02 23:45:31,567 - INFO - Track = Too Late inserted
2025-05-02 23:45:33,985 - INFO - Track = Shirt inserted
2025-05-02 23:45:34,006 - INFO - Track = Open Arms (feat. Travis Scott) inserted
2025-05-02 23:45:37,015 - INFO - Track = Forgiveless (feat. Ol' Dirty Bastard) inserted
2025-05-02 23:45:37,801 - INFO - Track = I Hate U inserted
2025-05-02 23:45:39,402 - INFO - Track = Good Days inserted
2025-05-02 23:45:44,723 - INFO - Track = Supermodel inserted
2025-05-02 23:45:45,557 - INFO - Track = Doves In the Wind inserted
2025-05-02 23:45:47,671 - INFO - Track = Love Galore inserted
2025-05-02 23:45:49,591 - INFO - Track = Prom inserted
2025-05-02 23:45:50,173 - INFO - Track = Drew Barrymore inserted
2025-05-02 23:45:54,810 - INFO - Track = The Weekend inserted
2025-05-02 23:45:55,698 - INFO - Track = Go Gina inserted
2025-05-02 23:45:56,260 - INFO - Track = Garden (Say It Like Dat) inserted
2025-05-02 23:45:59,751 - INFO - Track = Anything inserted
2025-05-02 23:45:59,976 - INFO - Track = Broken Clocks inserted
2025-05-02 23:46:00,449 - INFO - Track = Wavy (Interlude) inserted
2025-05-02 23:46:05,005 - INFO - Track = Pretty Little Birds inserted
2025-05-02 23:46:05,724 - INFO - Track = Normal Girl inserted
2025-05-02 23:46:06,830 - INFO - Track = 20 Something inserted
2025-05-02 23:46:11,548 - INFO - Track = imagine inserted
2025-05-02 23:46:11,799 - INFO - Track = NASA inserted
2025-05-02 23:46:12,293 - INFO - Track = needy inserted
2025-05-02 23:46:16,859 - INFO - Track = bloodline inserted
2025-05-02 23:46:18,530 - INFO - Track = bad idea inserted
2025-05-02 23:46:19,435 - INFO - Track = fake smile inserted
2025-05-02 23:46:22,292 - INFO - Track = make up inserted
2025-05-02 23:46:23,554 - INFO - Track = ghostin inserted
2025-05-02 23:46:26,215 - INFO - Track = in my head inserted
2025-05-02 23:46:28,790 - INFO - Track = thank you, next inserted
2025-05-02 23:46:30,440 - INFO - Track = 7 rings inserted
2025-05-02 23:46:31,771 - INFO - Track = break up with your girlfriend, i'm bored inserted
2025-05-02 23:46:35,782 - INFO - Track = bye inserted
2025-05-02 23:46:37,654 - INFO - Track = don't wanna break up again inserted
2025-05-02 23:46:39,717 - INFO - Track = Saturn Returns Interlude inserted
2025-05-02 23:46:40,881 - INFO - Track = intro (end of the world) inserted
2025-05-02 23:46:42,636 - INFO - Track = eternal sunshine inserted
2025-05-02 23:46:45,655 - INFO - Track = supernatural inserted
2025-05-02 23:46:45,950 - INFO - Track = true story inserted
2025-05-02 23:46:48,709 - INFO - Track = the boy is mine inserted
2025-05-02 23:46:51,765 - INFO - Track = we can't be friends (wait for your love) inserted
2025-05-02 23:46:52,286 - INFO - Track = yes, and? inserted
2025-05-02 23:46:53,443 - INFO - Track = i wish i hated you inserted
2025-05-02 23:46:56,229 - INFO - Track = imperfect for you inserted
2025-05-02 23:46:58,184 - INFO - Track = ordinary things inserted
2025-05-02 23:47:03,386 - INFO - Track = Consideration inserted
2025-05-02 23:47:03,849 - INFO - Track = Kiss It Better inserted
2025-05-02 23:47:05,384 - INFO - Track = James Joint inserted
2025-05-02 23:47:08,181 - INFO - Track = Desperado inserted
2025-05-02 23:47:12,281 - INFO - Track = Woo inserted
2025-05-02 23:47:15,616 - INFO - Track = Needed Me inserted
2025-05-02 23:47:19,094 - INFO - Track = Yeah, I Said It inserted
2025-05-02 23:47:19,596 - INFO - Track = Same Ol' Mistakes inserted
2025-05-02 23:47:19,746 - INFO - Track = Work inserted
2025-05-02 23:47:23,430 - INFO - Track = Never Ending inserted
2025-05-02 23:47:24,567 - INFO - Track = Love on the Brain inserted
2025-05-02 23:47:26,617 - INFO - Track = Higher inserted
2025-05-02 23:47:29,175 - INFO - Track = Close to You inserted
2025-05-02 23:47:29,200 - INFO - Track = Goodnight Gotham inserted
2025-05-02 23:47:32,841 - INFO - Track = Pose inserted
2025-05-02 23:47:34,961 - INFO - Track = Sex With Me inserted
2025-05-02 23:47:40,010 - INFO - Track = Phresh Out the Runway inserted
2025-05-02 23:47:47,836 - INFO - Track = Diamonds inserted
2025-05-02 23:47:48,591 - INFO - Track = Jump inserted
2025-05-02 23:47:50,160 - INFO - Track = Pour It Up inserted
2025-05-02 23:47:54,900 - INFO - Track = What Now inserted
2025-05-02 23:47:57,231 - INFO - Track = Get It Over With inserted
2025-05-02 23:47:57,426 - INFO - Track = Love Without Tragedy / Mother Mary inserted
2025-05-02 23:48:00,778 - INFO - Track = No Love Allowed inserted
2025-05-02 23:48:01,986 - INFO - Track = Lost in Paradise inserted
2025-05-02 23:48:08,085 - INFO - Track = Fertilizer inserted
2025-05-02 23:48:08,715 - INFO - Track = Start inserted
2025-05-02 23:48:11,381 - INFO - Track = Thinkin Bout You inserted
2025-05-02 23:48:13,837 - INFO - Track = Sierra Leone inserted
2025-05-02 23:48:15,464 - INFO - Track = Sweet Life inserted
2025-05-02 23:48:16,634 - INFO - Track = Not Just Money inserted
2025-05-02 23:48:21,297 - INFO - Track = Pilot Jones inserted
2025-05-02 23:48:22,365 - INFO - Track = Super Rich Kids inserted
2025-05-02 23:48:24,053 - INFO - Track = Crack Rock inserted
2025-05-02 23:48:26,785 - INFO - Track = Lost inserted
2025-05-02 23:48:30,094 - INFO - Track = Pyramids inserted
2025-05-02 23:48:33,196 - INFO - Track = Monks inserted
2025-05-02 23:48:34,162 - INFO - Track = White inserted
2025-05-02 23:48:37,105 - INFO - Track = Bad Religion inserted
2025-05-02 23:48:38,257 - INFO - Track = Pink Matter inserted
2025-05-02 23:48:41,288 - INFO - Track = End inserted
2025-05-02 23:48:41,893 - INFO - Track = Forrest Gump inserted
2025-05-02 23:48:48,290 - INFO - Track = Pink + White inserted
2025-05-02 23:48:50,023 - INFO - Track = Ivy inserted
2025-05-02 23:48:52,085 - INFO - Track = Nikes inserted
2025-05-02 23:48:54,754 - INFO - Track = Be Yourself inserted
2025-05-02 23:48:56,315 - INFO - Track = Skyline To inserted
2025-05-02 23:48:57,484 - INFO - Track = Solo inserted
2025-05-02 23:49:01,908 - INFO - Track = Good Guy inserted
2025-05-02 23:49:04,465 - INFO - Track = Self Control inserted
2025-05-02 23:49:09,771 - INFO - Track = Solo (Reprise) inserted
2025-05-02 23:49:11,572 - INFO - Track = Pretty Sweet inserted
2025-05-02 23:49:11,585 - INFO - Track = Nights inserted
2025-05-02 23:49:17,468 - INFO - Track = Facebook Story inserted
2025-05-02 23:49:18,024 - INFO - Track = White Ferrari inserted
2025-05-02 23:49:18,248 - INFO - Track = Close to You inserted
2025-05-02 23:49:26,469 - INFO - Track = Futura Free inserted
2025-05-02 23:49:27,263 - INFO - Track = Seigfried inserted
2025-05-02 23:49:28,328 - INFO - Track = Godspeed inserted
2025-05-02 23:49:33,721 - INFO - Track = WTF Do I Know inserted
2025-05-02 23:49:35,068 - INFO - Track = Plastic Hearts inserted
2025-05-02 23:49:35,427 - INFO - Track = Angels Like You inserted
2025-05-02 23:49:38,417 - INFO - Track = Prisoner inserted
2025-05-02 23:49:41,095 - INFO - Track = Gimme What I Want inserted
2025-05-02 23:49:43,121 - INFO - Track = Night Crawling inserted
2025-05-02 23:49:45,218 - INFO - Track = Midnight Sky inserted
2025-05-02 23:49:47,648 - INFO - Track = High inserted
2025-05-02 23:49:49,057 - INFO - Track = Hate Me inserted
2025-05-02 23:49:51,231 - INFO - Track = Bad Karma inserted
2025-05-02 23:49:52,141 - INFO - Track = Never Be Me inserted
2025-05-02 23:49:54,914 - INFO - Track = Golden G String inserted
2025-05-02 23:49:56,440 - INFO - Track = Edge of Midnight (Midnight Sky Remix) inserted
2025-05-02 23:49:58,250 - INFO - Track = Heart of Glass (Live from the iHeart Music Festival) inserted
2025-05-02 23:49:58,375 - INFO - Track = Zombie (Live from the NIVA Save Our Stages Festival) inserted
2025-05-02 23:50:04,693 - INFO - Track = Rose Colored Lenses inserted
2025-05-02 23:50:04,884 - INFO - Track = Jaded inserted
2025-05-02 23:50:05,099 - INFO - Track = Flowers inserted
2025-05-02 23:50:10,796 - INFO - Track = Handstand inserted
2025-05-02 23:50:11,182 - INFO - Track = You inserted
2025-05-02 23:50:12,141 - INFO - Track = Thousand Miles inserted
2025-05-02 23:50:16,903 - INFO - Track = River inserted
2025-05-02 23:50:17,697 - INFO - Track = Violet Chemistry inserted
2025-05-02 23:50:18,574 - INFO - Track = Muddy Feet inserted
2025-05-02 23:50:23,295 - INFO - Track = Wildcard inserted
2025-05-02 23:50:23,813 - INFO - Track = Wonder Woman inserted
2025-05-02 23:50:24,703 - INFO - Track = Island inserted
2025-05-02 23:50:29,315 - INFO - Track = Hold Tight [feat. Uhmeer] inserted
2025-05-02 23:50:29,572 - INFO - Track = Paris inserted
2025-05-02 23:50:31,619 - INFO - Track = Almost Love inserted
2025-05-02 23:50:35,139 - INFO - Track = prfct inserted
2025-05-02 23:50:35,486 - INFO - Track = Sue Me inserted
2025-05-02 23:50:36,690 - INFO - Track = Bad Time inserted
2025-05-02 23:50:41,310 - INFO - Track = Diamonds Are Forever inserted
2025-05-02 23:50:42,866 - INFO - Track = Mona Lisa inserted
2025-05-02 23:50:48,705 - INFO - Track = Please Please Please inserted
2025-05-02 23:50:52,721 - INFO - Track = Espresso inserted
2025-05-02 23:50:58,421 - INFO - Track = Nervous inserted
2025-05-02 23:51:00,395 - INFO - Track = In My Blood inserted
2025-05-02 23:51:04,083 - INFO - Track = Where Were You in the Morning? inserted
2025-05-02 23:51:04,867 - INFO - Track = Lost in Japan inserted
2025-05-02 23:51:06,324 - INFO - Track = Like to Be You inserted
2025-05-02 23:51:09,900 - INFO - Track = Fallin' All in You inserted
2025-05-02 23:51:10,771 - INFO - Track = Why inserted
2025-05-02 23:51:11,019 - INFO - Track = Particular Taste inserted
2025-05-02 23:51:14,858 - INFO - Track = Because I Had You inserted
2025-05-02 23:51:16,730 - INFO - Track = Queen inserted
2025-05-02 23:51:17,494 - INFO - Track = Youth inserted
2025-05-02 23:51:18,612 - INFO - Track = Mutual inserted
2025-05-02 23:51:21,530 - INFO - Track = When You're Ready inserted
2025-05-02 23:51:22,298 - INFO - Track = Perfectly Wrong inserted
2025-05-02 23:51:27,333 - INFO - Track = Mercy inserted
2025-05-02 23:51:28,409 - INFO - Track = Ruin inserted
2025-05-02 23:51:29,774 - INFO - Track = There's Nothing Holdin' Me Back inserted
2025-05-02 23:51:34,494 - INFO - Track = Three Empty Words inserted
2025-05-02 23:51:35,290 - INFO - Track = Don't Be a Fool inserted
2025-05-02 23:51:36,039 - INFO - Track = Treat You Better inserted
2025-05-02 23:51:40,260 - INFO - Track = Like This inserted
2025-05-02 23:51:41,171 - INFO - Track = Lights On inserted
2025-05-02 23:51:41,322 - INFO - Track = No Promises inserted
2025-05-02 23:51:46,873 - INFO - Track = Bad Reputation inserted
2025-05-02 23:51:47,781 - INFO - Track = Honest inserted
2025-05-02 23:51:48,539 - INFO - Track = Patience inserted
2025-05-02 23:51:52,128 - INFO - Track = Hold On inserted
2025-05-02 23:51:52,295 - INFO - Track = Understand inserted
2025-05-02 23:51:52,379 - INFO - Track = Roses inserted
2025-05-02 23:51:56,927 - INFO - Track = Mercy - Acoustic inserted
2025-05-02 23:52:02,221 - INFO - Track = The Beginning inserted
2025-05-02 23:52:02,281 - INFO - Track = Default inserted
2025-05-02 23:52:02,594 - INFO - Track = Good in Goodbye inserted
2025-05-02 23:52:06,144 - INFO - Track = Follow the White Rabbit inserted
2025-05-02 23:52:07,450 - INFO - Track = Effortlessly inserted
2025-05-02 23:52:08,039 - INFO - Track = Stay Numb and Carry On inserted
2025-05-02 23:52:11,588 - INFO - Track = Interlude inserted
2025-05-02 23:52:11,903 - INFO - Track = Blue inserted
2025-05-02 23:52:13,551 - INFO - Track = Homesick inserted
2025-05-02 23:52:16,227 - INFO - Track = Selfish inserted
2025-05-02 23:52:17,141 - INFO - Track = Sour Times inserted
2025-05-02 23:52:19,702 - INFO - Track = BOYSHIT inserted
2025-05-02 23:52:21,558 - INFO - Track = Stained Glass inserted
2025-05-02 23:52:22,455 - INFO - Track = Baby inserted
2025-05-02 23:52:24,062 - INFO - Track = Emotional Bruises inserted
2025-05-02 23:52:26,669 - INFO - Track = Everything Happens for a Reason inserted
2025-05-02 23:52:29,474 - INFO - Track = Channel Surfing / The End inserted
2025-05-02 23:52:33,323 - INFO - Track = Sweet Relief inserted
2025-05-02 23:52:34,373 - INFO - Track = Envy the Leaves inserted
2025-05-02 23:52:36,549 - INFO - Track = Spinnin inserted
2025-05-02 23:52:37,474 - INFO - Track = 17 inserted
2025-05-02 23:52:39,683 - INFO - Track = Ryder inserted
2025-05-02 23:52:42,104 - INFO - Track = I Wonder inserted
2025-05-02 23:52:42,244 - INFO - Track = Nothing Matters But You inserted
2025-05-02 23:52:43,263 - INFO - Track = At Your Worst inserted
2025-05-02 23:52:47,848 - INFO - Track = Home to Another One inserted
2025-05-02 23:52:48,769 - INFO - Track = Showed Me (How I Fell in Love with You) inserted
2025-05-02 23:52:49,992 - INFO - Track = Dangerous inserted
2025-05-02 23:52:53,536 - INFO - Track = Silence Between Songs inserted
2025-05-02 23:52:54,099 - INFO - Track = Reckless inserted
2025-05-02 23:52:54,237 - INFO - Track = King Of Everything inserted
2025-05-02 23:52:58,556 - INFO - Track = Abracadabra inserted
2025-05-02 23:53:00,030 - INFO - Track = Garden of Eden inserted
2025-05-02 23:53:01,733 - INFO - Track = Disease inserted
2025-05-02 23:53:04,458 - INFO - Track = Vanish Into You inserted
2025-05-02 23:53:05,125 - INFO - Track = Perfect Celebrity inserted
2025-05-02 23:53:07,443 - INFO - Track = Killah inserted
2025-05-02 23:53:10,892 - INFO - Track = LoveDrug inserted
2025-05-02 23:53:11,826 - INFO - Track = Zombieboy inserted
2025-05-02 23:53:12,208 - INFO - Track = How Bad Do U Want Me inserted
2025-05-02 23:53:14,950 - INFO - Track = Don't Call Tonight inserted
2025-05-02 23:53:16,763 - INFO - Track = The Beast inserted
2025-05-02 23:53:17,444 - INFO - Track = Shadow of a Man inserted
2025-05-02 23:53:21,250 - INFO - Track = Blade of Grass inserted
2025-05-02 23:53:22,039 - INFO - Track = Die with a Smile inserted
2025-05-02 23:53:26,883 - INFO - Track = Chromatica I inserted
2025-05-02 23:53:27,801 - INFO - Track = Alice inserted
2025-05-02 23:53:29,928 - INFO - Track = Stupid Love inserted
2025-05-02 23:53:34,031 - INFO - Track = Free Woman inserted
2025-05-02 23:53:35,877 - INFO - Track = Fun Tonight inserted
2025-05-02 23:53:36,133 - INFO - Track = Rain on Me inserted
2025-05-02 23:53:38,802 - INFO - Track = Chromatica II inserted
2025-05-02 23:53:41,490 - INFO - Track = Plastic Doll inserted
2025-05-02 23:53:41,547 - INFO - Track = 911 inserted
2025-05-02 23:53:46,807 - INFO - Track = Sour Candy inserted
2025-05-02 23:53:47,000 - INFO - Track = Enigma inserted
2025-05-02 23:53:47,107 - INFO - Track = Replay inserted
2025-05-02 23:53:50,590 - INFO - Track = Chromatica III inserted
2025-05-02 23:53:52,139 - INFO - Track = Sine from Above inserted
2025-05-02 23:53:52,281 - INFO - Track = 1000 Doves inserted
2025-05-02 23:53:55,139 - INFO - Track = Babylon inserted
2025-05-02 23:53:59,313 - INFO - Track = AuRoRa inserted
2025-05-02 23:53:59,707 - INFO - Track = GRAVITY inserted
2025-05-02 23:54:00,624 - INFO - Track = Parting inserted
2025-05-02 23:54:04,825 - INFO - Track = Regulus inserted
2025-05-02 23:54:04,961 - INFO - Track = Rain To Be inserted
2025-05-02 23:54:05,096 - INFO - Track = Montage_ inserted
2025-05-02 23:54:09,184 - INFO - Track = Logo inserted
2025-05-02 23:54:10,150 - INFO - Track = TRAUMA inserted
2025-05-02 23:54:10,286 - INFO - Track = Ring on my Ears inserted
2025-05-02 23:54:14,514 - INFO - Track = End of Spring inserted
2025-05-02 23:54:15,561 - INFO - Track = Crazy good inserted
2025-05-02 23:54:19,238 - INFO - Track = Still My Patna inserted
2025-05-02 23:54:20,311 - INFO - Track = Been Too Long inserted
2025-05-02 23:54:20,984 - INFO - Track = Need Some More inserted
2025-05-02 23:54:24,007 - INFO - Track = Attached inserted
2025-05-02 23:54:24,815 - INFO - Track = One For Me inserted
2025-05-02 23:54:24,967 - INFO - Track = Bankroll inserted
2025-05-02 23:54:27,867 - INFO - Track = Numb inserted
2025-05-02 23:54:28,598 - INFO - Track = Stamped inserted
2025-05-02 23:54:28,664 - INFO - Track = Ghetto Symphony inserted
2025-05-02 23:54:32,539 - INFO - Track = Bands Gone inserted
2025-05-02 23:54:33,080 - INFO - Track = Water inserted
2025-05-02 23:54:33,190 - INFO - Track = Rave inserted
2025-05-02 23:54:35,624 - INFO - Track = Out of Kontrol/Paparazzi inserted
2025-05-02 23:54:36,926 - INFO - Track = Cassava Leaf inserted
2025-05-02 23:54:37,529 - INFO - Track = Yo Lane inserted
2025-05-02 23:54:40,045 - INFO - Track = BTA inserted
2025-05-02 23:54:41,242 - INFO - Track = Fried inserted
2025-05-02 23:54:41,475 - INFO - Track = Used To Be inserted
2025-05-02 23:54:45,330 - INFO - Track = What You Said inserted
2025-05-02 23:54:46,025 - INFO - Track = Swervo inserted
2025-05-02 23:54:46,360 - INFO - Track = Late Night Drinks inserted
2025-05-02 23:54:49,425 - INFO - Track = Face Card inserted
2025-05-02 23:54:50,239 - INFO - Track = Hope You Know inserted
2025-05-02 23:54:50,379 - INFO - Track = Make It Work inserted
2025-05-02 23:54:56,358 - INFO - Track = BLACKBIIRD inserted
2025-05-02 23:54:57,585 - INFO - Track = AMERIICAN REQUIEM inserted
2025-05-02 23:54:57,708 - INFO - Track = 16 CARRIAGES inserted
2025-05-02 23:55:03,116 - INFO - Track = PROTECTOR inserted
2025-05-02 23:55:03,610 - INFO - Track = MY ROSE inserted
2025-05-02 23:55:08,820 - INFO - Track = DOLLY P inserted
2025-05-02 23:55:08,992 - INFO - Track = TEXAS HOLD 'EM inserted
2025-05-02 23:55:10,344 - INFO - Track = BODYGUARD inserted
2025-05-02 23:55:13,184 - INFO - Track = JOLENE inserted
2025-05-02 23:55:15,613 - INFO - Track = SPAGHETTII inserted
2025-05-02 23:55:16,315 - INFO - Track = DAUGHTER inserted
2025-05-02 23:55:19,660 - INFO - Track = ALLIIGATOR TEARS inserted
2025-05-02 23:55:21,238 - INFO - Track = SMOKE HOUR II inserted
2025-05-02 23:55:21,528 - INFO - Track = JUST FOR FUN inserted
2025-05-02 23:55:26,874 - INFO - Track = FLAMENCO inserted
2025-05-02 23:55:27,142 - INFO - Track = II MOST WANTED inserted
2025-05-02 23:55:27,154 - INFO - Track = LEVII'S JEANS inserted
2025-05-02 23:55:31,720 - INFO - Track = THE LINDA MARTELL SHOW inserted
2025-05-02 23:55:33,058 - INFO - Track = OH LOUISIANA inserted
2025-05-02 23:55:33,429 - INFO - Track = YA YA inserted
2025-05-02 23:55:36,300 - INFO - Track = DESERT EAGLE inserted
2025-05-02 23:55:39,245 - INFO - Track = RIIVERDANCE inserted
2025-05-02 23:55:39,438 - INFO - Track = II HANDS II HEAVEN inserted
2025-05-02 23:55:41,839 - INFO - Track = TYRANT inserted
2025-05-02 23:55:45,899 - INFO - Track = AMEN inserted
2025-05-02 23:55:51,211 - INFO - Track = Pray You Catch Me inserted
2025-05-02 23:55:52,662 - INFO - Track = Don't Hurt Yourself inserted
2025-05-02 23:55:54,230 - INFO - Track = Hold Up inserted
2025-05-02 23:55:56,727 - INFO - Track = 6 Inch inserted
2025-05-02 23:55:57,967 - INFO - Track = Sorry inserted
2025-05-02 23:56:00,875 - INFO - Track = Daddy Lessons inserted
2025-05-02 23:56:02,319 - INFO - Track = Love Drought inserted
2025-05-02 23:56:03,933 - INFO - Track = Sandcastles inserted
2025-05-02 23:56:07,168 - INFO - Track = Forward inserted
2025-05-02 23:56:09,946 - INFO - Track = Freedom inserted
2025-05-02 23:56:11,553 - INFO - Track = All Night inserted
2025-05-02 23:56:15,961 - INFO - Track = Formation inserted
2025-05-02 23:56:22,719 - INFO - Track = I'M THAT GIRL inserted
2025-05-02 23:56:23,573 - INFO - Track = ALIEN SUPERSTAR inserted
2025-05-02 23:56:23,589 - INFO - Track = COZY inserted
2025-05-02 23:56:28,636 - INFO - Track = BREAK MY SOUL inserted
2025-05-02 23:56:30,604 - INFO - Track = CUFF IT inserted
2025-05-02 23:56:31,511 - INFO - Track = ENERGY inserted
2025-05-02 23:56:34,041 - INFO - Track = CHURCH GIRL inserted
2025-05-02 23:56:36,889 - INFO - Track = PLASTIC OFF THE SOFA inserted
2025-05-02 23:56:37,381 - INFO - Track = VIRGO'S GROOVE inserted
2025-05-02 23:56:40,769 - INFO - Track = MOVE inserted
2025-05-02 23:56:42,794 - INFO - Track = THIQUE inserted
2025-05-02 23:56:43,273 - INFO - Track = HEATED inserted
2025-05-02 23:56:46,593 - INFO - Track = ALL UP IN YOUR MIND inserted
2025-05-02 23:56:51,226 - INFO - Track = PURE/HONEY inserted
2025-05-02 23:56:53,175 - INFO - Track = SUMMER RENAISSANCE inserted
2025-05-02 23:56:57,349 - INFO - Track = bye inserted
2025-05-02 23:56:58,531 - INFO - Track = don't wanna break up again inserted
2025-05-02 23:56:58,684 - INFO - Track = intro (end of the world) inserted
2025-05-02 23:57:02,164 - INFO - Track = Saturn Returns Interlude inserted
2025-05-02 23:57:03,174 - INFO - Track = supernatural inserted
2025-05-02 23:57:05,238 - INFO - Track = eternal sunshine inserted
2025-05-02 23:57:08,075 - INFO - Track = true story inserted
2025-05-02 23:57:08,379 - INFO - Track = the boy is mine inserted
2025-05-02 23:57:10,601 - INFO - Track = yes, and? inserted
2025-05-02 23:57:13,104 - INFO - Track = we can't be friends (wait for your love) inserted
2025-05-02 23:57:14,855 - INFO - Track = i wish i hated you inserted
2025-05-02 23:57:15,142 - INFO - Track = imperfect for you inserted
2025-05-02 23:57:18,692 - INFO - Track = ordinary things inserted
2025-05-02 23:57:22,291 - INFO - Track = don't wanna break up again inserted
2025-05-02 23:57:22,537 - INFO - Track = bye inserted
2025-05-02 23:57:22,709 - INFO - Track = intro (end of the world) inserted
2025-05-02 23:57:25,852 - INFO - Track = Saturn Returns Interlude inserted
2025-05-02 23:57:26,635 - INFO - Track = supernatural inserted
2025-05-02 23:57:27,434 - INFO - Track = eternal sunshine inserted
2025-05-02 23:57:30,382 - INFO - Track = true story inserted
2025-05-02 23:57:31,025 - INFO - Track = the boy is mine inserted
2025-05-02 23:57:33,010 - INFO - Track = yes, and? inserted
2025-05-02 23:57:34,529 - INFO - Track = we can't be friends (wait for your love) inserted
2025-05-02 23:57:35,632 - INFO - Track = i wish i hated you inserted
2025-05-02 23:57:36,470 - INFO - Track = imperfect for you inserted
2025-05-02 23:57:38,272 - INFO - Track = ordinary things inserted
2025-05-02 23:57:44,284 - INFO - Track = Houdini inserted
2025-05-02 23:57:46,198 - INFO - Track = End of an Era inserted
2025-05-02 23:57:46,852 - INFO - Track = Training Season inserted
2025-05-02 23:57:48,646 - INFO - Track = These Walls inserted
2025-05-02 23:57:52,845 - INFO - Track = French Exit inserted
2025-05-02 23:57:54,104 - INFO - Track = Whatcha Doing inserted
2025-05-02 23:57:55,310 - INFO - Track = Illusion inserted
2025-05-02 23:57:57,374 - INFO - Track = Falling Forever inserted
2025-05-02 23:58:01,353 - INFO - Track = Anything for Love inserted
2025-05-02 23:58:02,093 - INFO - Track = Maria inserted
2025-05-02 23:58:04,410 - INFO - Track = Happy for You inserted
2025-05-02 23:58:10,187 - INFO - Track = Cool inserted
2025-05-02 23:58:13,259 - INFO - Track = Future Nostalgia inserted
2025-05-02 23:58:15,580 - INFO - Track = Don't Start Now inserted
2025-05-02 23:58:15,611 - INFO - Track = Physical inserted
2025-05-02 23:58:19,256 - INFO - Track = Levitating inserted
2025-05-02 23:58:20,721 - INFO - Track = Pretty Please inserted
2025-05-02 23:58:21,410 - INFO - Track = Hallucinate inserted
2025-05-02 23:58:27,005 - INFO - Track = Love Again inserted
2025-05-02 23:58:27,471 - INFO - Track = Break My Heart inserted
2025-05-02 23:58:29,168 - INFO - Track = Good in Bed inserted
2025-05-02 23:58:34,789 - INFO - Track = Boys Will Be Boys inserted
2025-05-02 23:58:40,155 - INFO - Track = Lavender Haze inserted
2025-05-02 23:58:42,020 - INFO - Track = Maroon inserted
2025-05-02 23:58:45,059 - INFO - Track = Anti-Hero inserted
2025-05-02 23:58:45,303 - INFO - Track = Snow on the Beach inserted
2025-05-02 23:58:49,542 - INFO - Track = You're on Your Own, Kid inserted
2025-05-02 23:58:51,501 - INFO - Track = Midnight Rain inserted
2025-05-02 23:58:51,582 - INFO - Track = Question...? inserted
2025-05-02 23:58:56,905 - INFO - Track = Vigilante Shit inserted
2025-05-02 23:58:57,435 - INFO - Track = Bejeweled inserted
2025-05-02 23:58:57,984 - INFO - Track = Labyrinth inserted
2025-05-02 23:59:02,217 - INFO - Track = Karma inserted
2025-05-02 23:59:04,232 - INFO - Track = Mastermind inserted
2025-05-02 23:59:04,473 - INFO - Track = Sweet Nothing inserted
2025-05-02 23:59:11,790 - INFO - Track = cardigan inserted
2025-05-02 23:59:11,795 - INFO - Track = the 1 inserted
2025-05-02 23:59:12,531 - INFO - Track = the last great american dynasty inserted
2025-05-02 23:59:19,369 - INFO - Track = mirrorball inserted
2025-05-02 23:59:19,947 - INFO - Track = my tears ricochet inserted
2025-05-02 23:59:20,402 - INFO - Track = exile inserted
2025-05-02 23:59:24,534 - INFO - Track = seven inserted
2025-05-02 23:59:28,005 - INFO - Track = this is me trying inserted
2025-05-02 23:59:28,781 - INFO - Track = illicit affairs inserted
2025-05-02 23:59:28,820 - INFO - Track = august inserted
2025-05-02 23:59:34,822 - INFO - Track = mad woman inserted
2025-05-02 23:59:35,480 - INFO - Track = invisible string inserted
2025-05-02 23:59:36,151 - INFO - Track = epiphany inserted
2025-05-02 23:59:39,798 - INFO - Track = betty inserted
2025-05-02 23:59:41,555 - INFO - Track = peace inserted
2025-05-02 23:59:42,955 - INFO - Track = hoax inserted
2025-05-02 23:59:46,682 - INFO - Track = the lakes inserted
2025-05-02 23:59:51,285 - INFO - Track = Dangerous Woman inserted
2025-05-02 23:59:51,640 - INFO - Track = Be Alright inserted
2025-05-02 23:59:53,301 - INFO - Track = Moonlight inserted
2025-05-02 23:59:55,193 - INFO - Track = Side to Side (feat. Nicki Minaj) inserted
2025-05-02 23:59:57,249 - INFO - Track = Let Me Love You (feat. Lil Wayne) inserted
2025-05-02 23:59:57,468 - INFO - Track = Into You inserted
2025-05-03 00:00:01,872 - INFO - Track = Leave Me Lonely (feat. Macy Gray) inserted
2025-05-03 00:00:02,044 - INFO - Track = Greedy inserted
2025-05-03 00:00:06,935 - INFO - Track = I Don't Care inserted
2025-05-03 00:00:08,425 - INFO - Track = Sometimes inserted
2025-05-03 00:00:09,428 - INFO - Track = Bad Decisions inserted
2025-05-03 00:00:12,295 - INFO - Track = Touch It inserted
2025-05-03 00:00:14,869 - INFO - Track = Knew Better / Forever Boy inserted
2025-05-03 00:00:16,078 - INFO - Track = Thinking Bout You inserted
2025-05-03 00:00:23,885 - INFO - Track = raindrops (an angel cried) inserted
2025-05-03 00:00:24,168 - INFO - Track = blazed inserted
2025-05-03 00:00:24,536 - INFO - Track = the light is coming inserted
2025-05-03 00:00:30,748 - INFO - Track = sweetener inserted
2025-05-03 00:00:31,477 - INFO - Track = R.E.M inserted
2025-05-03 00:00:32,987 - INFO - Track = God is a woman inserted
2025-05-03 00:00:36,321 - INFO - Track = successful inserted
2025-05-03 00:00:37,415 - INFO - Track = everytime inserted
2025-05-03 00:00:43,490 - INFO - Track = borderline inserted
2025-05-03 00:00:43,946 - INFO - Track = breathin inserted
2025-05-03 00:00:46,414 - INFO - Track = no tears left to cry inserted
2025-05-03 00:00:48,723 - INFO - Track = better off inserted
2025-05-03 00:00:50,848 - INFO - Track = goodnight n go inserted
2025-05-03 00:00:53,979 - INFO - Track = pete davidson inserted
2025-05-03 00:00:55,308 - INFO - Track = get well soon inserted
2025-05-03 00:00:59,740 - INFO - Track = You're My Only Shorty inserted
2025-05-03 00:01:00,656 - INFO - Track = All Night Long inserted
2025-05-03 00:01:00,730 - INFO - Track = Who's That Boy inserted
2025-05-03 00:01:05,018 - INFO - Track = Unbroken inserted
2025-05-03 00:01:05,390 - INFO - Track = Together inserted
2025-05-03 00:01:05,498 - INFO - Track = Lightweight inserted
2025-05-03 00:01:09,901 - INFO - Track = Mistake inserted
2025-05-03 00:01:10,110 - INFO - Track = Hold Up inserted
2025-05-03 00:01:10,806 - INFO - Track = Fix a Heart inserted
2025-05-03 00:01:14,425 - INFO - Track = Skyscraper inserted
2025-05-03 00:01:15,044 - INFO - Track = In Real Life inserted
2025-05-03 00:01:15,701 - INFO - Track = Give Your Heart a Break inserted
2025-05-03 00:01:19,712 - INFO - Track = For the Love of a Daughter inserted
2025-05-03 00:01:19,720 - INFO - Track = Skyscraper (Wizz Dumb Remix) inserted
2025-05-03 00:01:19,928 - INFO - Track = My Love Is Like a Star inserted
2025-05-03 00:01:25,604 - INFO - Track = shut up inserted
2025-05-03 00:01:26,682 - INFO - Track = MOTIVE inserted
2025-05-03 00:01:28,558 - INFO - Track = 34+35 inserted
2025-05-03 00:01:31,125 - INFO - Track = just like magic inserted
2025-05-03 00:01:32,850 - INFO - Track = off the table inserted
2025-05-03 00:01:36,223 - INFO - Track = six thirty inserted
2025-05-03 00:01:37,737 - INFO - Track = my hair inserted
2025-05-03 00:01:38,482 - INFO - Track = safety net inserted
2025-05-03 00:01:42,100 - INFO - Track = nasty inserted
2025-05-03 00:01:43,795 - INFO - Track = love language inserted
2025-05-03 00:01:43,821 - INFO - Track = west side inserted
2025-05-03 00:01:47,656 - INFO - Track = positions inserted
2025-05-03 00:01:48,354 - INFO - Track = pov inserted
2025-05-03 00:01:49,714 - INFO - Track = obvious inserted
2025-05-03 00:01:54,806 - INFO - Track = As I Am inserted
2025-05-03 00:01:55,821 - INFO - Track = 2 Much inserted
2025-05-03 00:01:56,090 - INFO - Track = Deserve You inserted
2025-05-03 00:02:00,914 - INFO - Track = Unstable inserted
2025-05-03 00:02:01,602 - INFO - Track = Off My Face inserted
2025-05-03 00:02:03,235 - INFO - Track = Holy inserted
2025-05-03 00:02:06,893 - INFO - Track = MLK Interlude inserted
2025-05-03 00:02:08,171 - INFO - Track = Die for You inserted
2025-05-03 00:02:10,369 - INFO - Track = Hold On inserted
2025-05-03 00:02:12,095 - INFO - Track = Somebody inserted
2025-05-03 00:02:15,478 - INFO - Track = Ghost inserted
2025-05-03 00:02:15,599 - INFO - Track = Peaches inserted
2025-05-03 00:02:16,371 - INFO - Track = Love You Different inserted
2025-05-03 00:02:19,794 - INFO - Track = Loved by You inserted
2025-05-03 00:02:20,450 - INFO - Track = Anyone inserted
2025-05-03 00:02:24,128 - INFO - Track = Lonely inserted
2025-05-03 00:02:29,637 - INFO - Track = Mark My Words inserted
2025-05-03 00:02:29,943 - INFO - Track = What Do You Mean? inserted
2025-05-03 00:02:30,899 - INFO - Track = I'll Show You inserted
2025-05-03 00:02:35,037 - INFO - Track = Company inserted
2025-05-03 00:02:36,350 - INFO - Track = Love Yourself inserted
2025-05-03 00:02:40,544 - INFO - Track = Sorry inserted
2025-05-03 00:02:41,224 - INFO - Track = No Pressure inserted
2025-05-03 00:02:41,817 - INFO - Track = No Sense inserted
2025-05-03 00:02:47,013 - INFO - Track = Life Is Worth Living inserted
2025-05-03 00:02:47,579 - INFO - Track = The Feeling inserted
2025-05-03 00:02:50,687 - INFO - Track = Where Are Ü Now? inserted
2025-05-03 00:02:53,511 - INFO - Track = Children inserted
2025-05-03 00:02:53,823 - INFO - Track = Purpose inserted
2025-05-03 00:02:57,464 - INFO - Track = Been You inserted
2025-05-03 00:02:58,849 - INFO - Track = Get Used to It inserted
2025-05-03 00:02:59,146 - INFO - Track = We Are inserted
2025-05-03 00:03:05,334 - INFO - Track = All in It inserted
2025-05-03 00:03:10,317 - INFO - Track = All Around Me inserted
2025-05-03 00:03:10,769 - INFO - Track = Habitual inserted
2025-05-03 00:03:11,154 - INFO - Track = Come Around Me inserted
2025-05-03 00:03:14,469 - INFO - Track = Intentions inserted
2025-05-03 00:03:16,992 - INFO - Track = Available inserted
2025-05-03 00:03:18,038 - INFO - Track = Yummy inserted
2025-05-03 00:03:20,597 - INFO - Track = Forever inserted
2025-05-03 00:03:21,955 - INFO - Track = Running Over inserted
2025-05-03 00:03:22,196 - INFO - Track = Take It Out on Me inserted
2025-05-03 00:03:24,797 - INFO - Track = Second Emotion inserted
2025-05-03 00:03:27,115 - INFO - Track = E.T.A. inserted
2025-05-03 00:03:28,057 - INFO - Track = Get Me inserted
2025-05-03 00:03:30,150 - INFO - Track = Changes inserted
2025-05-03 00:03:32,930 - INFO - Track = Confirmation inserted
2025-05-03 00:03:33,368 - INFO - Track = That's What Love Is inserted
2025-05-03 00:03:34,101 - INFO - Track = At Least for Now inserted
2025-05-03 00:03:37,621 - INFO - Track = Yummy inserted
2025-05-03 00:03:43,143 - INFO - Track = Old Ways inserted
2025-05-03 00:03:45,075 - INFO - Track = Confident inserted
2025-05-03 00:03:45,301 - INFO - Track = Cool for the Summer inserted
2025-05-03 00:03:48,147 - INFO - Track = For You inserted
2025-05-03 00:03:49,716 - INFO - Track = Kingdom Come (feat. Iggy Azalea) inserted
2025-05-03 00:03:51,520 - INFO - Track = Stone Cold inserted
2025-05-03 00:03:52,686 - INFO - Track = Waitin for You (feat. Sirah) inserted
2025-05-03 00:03:54,062 - INFO - Track = Wildfire inserted
2025-05-03 00:03:56,774 - INFO - Track = Lionheart inserted
2025-05-03 00:03:58,510 - INFO - Track = Yes inserted
2025-05-03 00:03:59,351 - INFO - Track = Father inserted
2025-05-03 00:04:04,448 - INFO - Track = All These Years inserted
2025-05-03 00:04:07,235 - INFO - Track = Never Be the Same inserted
2025-05-03 00:04:07,871 - INFO - Track = She Loves Control inserted
2025-05-03 00:04:13,845 - INFO - Track = Inside Out inserted
2025-05-03 00:04:14,208 - INFO - Track = Consequences inserted
2025-05-03 00:04:17,758 - INFO - Track = Havana inserted
2025-05-03 00:04:19,772 - INFO - Track = Something's Gotta Give inserted
2025-05-03 00:04:20,058 - INFO - Track = Real Friends inserted
2025-05-03 00:04:25,445 - INFO - Track = In the Dark inserted
2025-05-03 00:04:26,023 - INFO - Track = Into It inserted
2025-05-03 00:04:26,612 - INFO - Track = Never Be the Same - Radio Edit inserted
2025-05-03 00:04:31,398 - INFO - Track = Should've Said It inserted
2025-05-03 00:04:33,152 - INFO - Track = Shameless inserted
2025-05-03 00:04:33,715 - INFO - Track = Living Proof inserted
2025-05-03 00:04:38,702 - INFO - Track = Liar inserted
2025-05-03 00:04:39,918 - INFO - Track = My Oh My inserted
2025-05-03 00:04:40,165 - INFO - Track = Señorita inserted
2025-05-03 00:04:44,101 - INFO - Track = Bad Kind of Butterflies inserted
2025-05-03 00:04:45,833 - INFO - Track = Feel It Twice inserted
2025-05-03 00:04:45,845 - INFO - Track = Easy inserted
2025-05-03 00:04:48,958 - INFO - Track = Dream of You inserted
2025-05-03 00:04:51,459 - INFO - Track = This Love inserted
2025-05-03 00:04:52,023 - INFO - Track = Cry for Me inserted
2025-05-03 00:04:54,147 - INFO - Track = Used to This inserted
2025-05-03 00:04:56,959 - INFO - Track = First Man inserted
2025-05-03 00:05:01,983 - INFO - Track = Meet Me in the Hallway inserted
2025-05-03 00:05:03,287 - INFO - Track = Carolina inserted
2025-05-03 00:05:06,120 - INFO - Track = Two Ghosts inserted
2025-05-03 00:05:07,433 - INFO - Track = Sign of the Times inserted
2025-05-03 00:05:08,581 - INFO - Track = Sweet Creature inserted
2025-05-03 00:05:11,912 - INFO - Track = Only Angel inserted
2025-05-03 00:05:13,757 - INFO - Track = Kiwi inserted
2025-05-03 00:05:16,416 - INFO - Track = Ever Since New York inserted
2025-05-03 00:05:18,145 - INFO - Track = Woman inserted
2025-05-03 00:05:20,688 - INFO - Track = From the Dining Table inserted
2025-05-03 00:05:26,168 - INFO - Track = Watermelon Sugar inserted
2025-05-03 00:05:27,548 - INFO - Track = Golden inserted
2025-05-03 00:05:28,259 - INFO - Track = Adore You inserted
2025-05-03 00:05:32,900 - INFO - Track = Lights Up inserted
2025-05-03 00:05:33,394 - INFO - Track = Falling inserted
2025-05-03 00:05:34,365 - INFO - Track = Cherry inserted
2025-05-03 00:05:39,162 - INFO - Track = Sunflower, Vol. 6 inserted
2025-05-03 00:05:39,695 - INFO - Track = To Be So Lonely inserted
2025-05-03 00:05:40,534 - INFO - Track = She inserted
2025-05-03 00:05:44,952 - INFO - Track = Canyon Moon inserted
2025-05-03 00:05:45,644 - INFO - Track = Treat People With Kindness inserted
2025-05-03 00:05:46,256 - INFO - Track = Fine Line inserted
2025-05-03 00:05:52,094 - INFO - Track = Late Night Talking inserted
2025-05-03 00:05:52,628 - INFO - Track = Music for a Sushi Restaurant inserted
2025-05-03 00:05:52,914 - INFO - Track = Grapejuice inserted
2025-05-03 00:05:57,395 - INFO - Track = As It Was inserted
2025-05-03 00:05:58,193 - INFO - Track = Daylight inserted
2025-05-03 00:05:58,897 - INFO - Track = Little Freak inserted
2025-05-03 00:06:02,006 - INFO - Track = Matilda inserted
2025-05-03 00:06:03,394 - INFO - Track = Cinema inserted
2025-05-03 00:06:04,924 - INFO - Track = Daydreaming inserted
2025-05-03 00:06:07,627 - INFO - Track = Keep Driving inserted
2025-05-03 00:06:08,594 - INFO - Track = Satellite inserted
2025-05-03 00:06:10,668 - INFO - Track = Boyfriends inserted
2025-05-03 00:06:14,703 - INFO - Track = Love of My Life inserted
2025-05-03 00:06:20,612 - INFO - Track = Where Do Broken Hearts Go inserted
2025-05-03 00:06:20,823 - INFO - Track = Ready to Run inserted
2025-05-03 00:06:21,862 - INFO - Track = Steal My Girl inserted
2025-05-03 00:06:24,948 - INFO - Track = Girl Almighty inserted
2025-05-03 00:06:25,678 - INFO - Track = 18 inserted
2025-05-03 00:06:27,118 - INFO - Track = Fool's Gold inserted
2025-05-03 00:06:30,300 - INFO - Track = Night Changes inserted
2025-05-03 00:06:30,669 - INFO - Track = No Control inserted
2025-05-03 00:06:33,221 - INFO - Track = Fireproof inserted
2025-05-03 00:06:34,973 - INFO - Track = Spaces inserted
2025-05-03 00:06:36,589 - INFO - Track = Stockholm Syndrome inserted
2025-05-03 00:06:40,070 - INFO - Track = Clouds inserted
2025-05-03 00:06:43,722 - INFO - Track = Hey Angel inserted
2025-05-03 00:06:47,927 - INFO - Track = Perfect inserted
2025-05-03 00:06:47,988 - INFO - Track = Infinity inserted
2025-05-03 00:06:48,282 - INFO - Track = Drag Me Down inserted
2025-05-03 00:06:51,823 - INFO - Track = Long Way Down inserted
2025-05-03 00:06:52,132 - INFO - Track = End of the Day inserted
2025-05-03 00:06:53,707 - INFO - Track = If I Could Fly inserted
2025-05-03 00:06:57,870 - INFO - Track = Never Enough inserted
2025-05-03 00:06:57,944 - INFO - Track = Olivia inserted
2025-05-03 00:06:58,367 - INFO - Track = What a Feeling inserted
2025-05-03 00:07:03,563 - INFO - Track = Love You Goodbye inserted
2025-05-03 00:07:03,773 - INFO - Track = I Want to Write You a Song inserted
2025-05-03 00:07:05,265 - INFO - Track = History inserted
2025-05-03 00:07:10,290 - INFO - Track = Intro inserted
2025-05-03 00:07:11,825 - INFO - Track = We Don't Care inserted
2025-05-03 00:07:12,299 - INFO - Track = Graduation Day inserted
2025-05-03 00:07:16,523 - INFO - Track = I'll Fly Away inserted
2025-05-03 00:07:16,827 - INFO - Track = All Falls Down inserted
2025-05-03 00:07:20,162 - INFO - Track = Spaceship inserted
2025-05-03 00:07:21,924 - INFO - Track = Jesus Walks inserted
2025-05-03 00:07:23,948 - INFO - Track = Never Let Me Down inserted
2025-05-03 00:07:24,574 - INFO - Track = Get Em High inserted
2025-05-03 00:07:26,228 - INFO - Track = Workout Plan inserted
2025-05-03 00:07:31,164 - INFO - Track = Breathe In Breathe Out inserted
2025-05-03 00:07:31,536 - INFO - Track = The New Workout Plan inserted
2025-05-03 00:07:31,755 - INFO - Track = Slow Jamz inserted
2025-05-03 00:07:35,100 - INFO - Track = School Spirit Skit 1 inserted
2025-05-03 00:07:35,997 - INFO - Track = School Spirit Skit 2 inserted
2025-05-03 00:07:38,661 - INFO - Track = Lil Jimmy Skit inserted
2025-05-03 00:07:38,665 - INFO - Track = School Spirit inserted
2025-05-03 00:07:41,439 - INFO - Track = Two Words inserted
2025-05-03 00:07:45,845 - INFO - Track = Family Business inserted
2025-05-03 00:07:46,352 - INFO - Track = Through the Wire inserted
2025-05-03 00:07:50,996 - INFO - Track = Last Call inserted
2025-05-03 00:07:57,913 - INFO - Track = Heard 'Em Say inserted
2025-05-03 00:07:58,419 - INFO - Track = Wake Up Mr. West inserted
2025-05-03 00:07:59,791 - INFO - Track = Touch the Sky inserted
2025-05-03 00:08:07,954 - INFO - Track = Gold Digger inserted
2025-05-03 00:08:09,310 - INFO - Track = Drive Slow inserted
2025-05-03 00:08:09,422 - INFO - Track = My Way Home inserted
2025-05-03 00:08:13,283 - INFO - Track = Bring Me Down inserted
2025-05-03 00:08:14,270 - INFO - Track = Crack Music inserted
2025-05-03 00:08:15,228 - INFO - Track = Roses inserted
2025-05-03 00:08:19,151 - INFO - Track = Addiction inserted
2025-05-03 00:08:24,003 - INFO - Track = We Major inserted
2025-05-03 00:08:24,385 - INFO - Track = Hey Mama inserted
2025-05-03 00:08:27,726 - INFO - Track = Celebration inserted
2025-05-03 00:08:30,419 - INFO - Track = Gone inserted
2025-05-03 00:08:34,052 - INFO - Track = Diamonds From Sierra Leone inserted
2025-05-03 00:08:34,235 - INFO - Track = Late inserted
2025-05-03 00:08:41,312 - INFO - Track = For Free? (interlude) inserted
2025-05-03 00:08:41,641 - INFO - Track = Wesley's Theory inserted
2025-05-03 00:08:42,293 - INFO - Track = King Kunta inserted
2025-05-03 00:08:46,156 - INFO - Track = Institutionalized inserted
2025-05-03 00:08:48,004 - INFO - Track = These Walls inserted
2025-05-03 00:08:51,145 - INFO - Track = u inserted
2025-05-03 00:08:53,478 - INFO - Track = Alright inserted
2025-05-03 00:08:54,531 - INFO - Track = For Sale? - Interlude inserted
2025-05-03 00:08:58,054 - INFO - Track = Momma inserted
2025-05-03 00:08:59,014 - INFO - Track = How Much a Dollar Cost inserted
2025-05-03 00:09:01,019 - INFO - Track = Hood Politics inserted
2025-05-03 00:09:04,961 - INFO - Track = Complexion (A Zulu Love) inserted
2025-05-03 00:09:07,849 - INFO - Track = The Blacker the Berry inserted
2025-05-03 00:09:08,077 - INFO - Track = You Ain't Gotta Lie (Momma Said) inserted
2025-05-03 00:09:12,235 - INFO - Track = i inserted
2025-05-03 00:09:17,767 - INFO - Track = Mortal Man inserted
2025-05-03 00:09:24,680 - INFO - Track = Blood inserted
2025-05-03 00:09:25,987 - INFO - Track = DNA inserted
2025-05-03 00:09:28,039 - INFO - Track = Yah inserted
2025-05-03 00:09:33,283 - INFO - Track = Feel inserted
2025-05-03 00:09:33,941 - INFO - Track = Element inserted
2025-05-03 00:09:36,805 - INFO - Track = Loyalty inserted
2025-05-03 00:09:40,508 - INFO - Track = Pride inserted
2025-05-03 00:09:41,807 - INFO - Track = Lust inserted
2025-05-03 00:09:43,847 - INFO - Track = HUMBLE. inserted
2025-05-03 00:09:49,097 - INFO - Track = XXX inserted
2025-05-03 00:09:53,795 - INFO - Track = Love inserted
2025-05-03 00:09:54,749 - INFO - Track = Fear inserted
2025-05-03 00:09:57,792 - INFO - Track = God inserted
2025-05-03 00:10:01,491 - INFO - Track = Duckworth inserted
2025-05-03 00:10:07,316 - INFO - Track = Lolo (Intro) inserted
2025-05-03 00:10:08,777 - INFO - Track = Fuck You inserted
2025-05-03 00:10:10,009 - INFO - Track = The Watcher inserted
2025-05-03 00:10:14,567 - INFO - Track = Big Ego's inserted
2025-05-03 00:10:16,566 - INFO - Track = Xxplosive inserted
2025-05-03 00:10:22,209 - INFO - Track = Still D.R.E. inserted
2025-05-03 00:10:22,720 - INFO - Track = Bar One inserted
2025-05-03 00:10:23,741 - INFO - Track = What's the Difference inserted
2025-05-03 00:10:27,808 - INFO - Track = Light Speed inserted
2025-05-03 00:10:31,457 - INFO - Track = Let's Get High inserted
2025-05-03 00:10:33,839 - INFO - Track = Forgot About Dre inserted
2025-05-03 00:10:37,276 - INFO - Track = The Next Episode inserted
2025-05-03 00:10:38,444 - INFO - Track = Bitch Niggaz inserted
2025-05-03 00:10:38,967 - INFO - Track = The Car Bomb inserted
2025-05-03 00:10:42,995 - INFO - Track = Ed-Ucation inserted
2025-05-03 00:10:43,738 - INFO - Track = Murder Ink inserted
2025-05-03 00:10:44,838 - INFO - Track = Some L.A. Niggaz inserted
2025-05-03 00:10:47,901 - INFO - Track = Pause 4 Porno inserted
2025-05-03 00:10:48,404 - INFO - Track = Housewife inserted
2025-05-03 00:10:50,083 - INFO - Track = Ackrite inserted
2025-05-03 00:10:52,164 - INFO - Track = Bang Bang inserted
2025-05-03 00:10:53,358 - INFO - Track = The Message/ Outro inserted
2025-05-03 00:11:00,937 - INFO - Track = Let Me Ride inserted
2025-05-03 00:11:01,787 - INFO - Track = The Chronic (Intro) inserted
2025-05-03 00:11:04,573 - INFO - Track = Fuck Wit Dre Day (And Everybody's Celebratin') inserted
2025-05-03 00:11:06,165 - INFO - Track = The Day the Niggaz Took Over inserted
2025-05-03 00:11:10,795 - INFO - Track = Deeez Nuuuts inserted
2025-05-03 00:11:12,256 - INFO - Track = Lil' Ghetto Boy inserted
2025-05-03 00:11:16,801 - INFO - Track = A Nigga Witta Gun inserted
2025-05-03 00:11:18,333 - INFO - Track = Rat-Tat-Tat-Tat inserted
2025-05-03 00:11:18,987 - INFO - Track = Nuthin' But a "G" Thang inserted
2025-05-03 00:11:21,714 - INFO - Track = The $20 Sack Pyramid inserted
2025-05-03 00:11:23,541 - INFO - Track = Lyrical Gangbang inserted
2025-05-03 00:11:25,624 - INFO - Track = High Powered inserted
2025-05-03 00:11:26,571 - INFO - Track = The Doctor's Office inserted
2025-05-03 00:11:29,947 - INFO - Track = Stranded on Death Row inserted
2025-05-03 00:11:30,920 - INFO - Track = The Roach (The Chronic Outro) inserted
2025-05-03 00:11:36,603 - INFO - Track = Bitches Ain't Shit inserted
2025-05-03 00:11:40,311 - INFO - Track = Intro inserted
2025-05-03 00:11:41,522 - INFO - Track = What Up Gangsta inserted
2025-05-03 00:11:45,026 - INFO - Track = Patiently Waiting inserted
2025-05-03 00:11:50,010 - INFO - Track = High All The Time inserted
2025-05-03 00:11:51,486 - INFO - Track = In Da Club inserted
2025-05-03 00:11:54,945 - INFO - Track = Heat inserted
2025-05-03 00:11:55,373 - INFO - Track = Many Men (Wish Death) inserted
2025-05-03 00:11:57,035 - INFO - Track = If I Can't inserted
2025-05-03 00:11:59,799 - INFO - Track = Blood Hound inserted
2025-05-03 00:12:02,001 - INFO - Track = Back Down inserted
2025-05-03 00:12:06,102 - INFO - Track = Like My Style inserted
2025-05-03 00:12:06,836 - INFO - Track = P.I.M.P. inserted
2025-05-03 00:12:07,491 - INFO - Track = Poor Lil Rich inserted
2025-05-03 00:12:10,649 - INFO - Track = Don't Push Me inserted
2025-05-03 00:12:12,218 - INFO - Track = Gotta Make It To Heaven inserted
2025-05-03 00:12:15,497 - INFO - Track = 21 Questions inserted
2025-05-03 00:12:16,792 - INFO - Track = U Not Like Me inserted
2025-05-03 00:12:17,606 - INFO - Track = Wanksta inserted
2025-05-03 00:12:21,296 - INFO - Track = Life's on the Line inserted
2025-05-03 00:12:24,243 - INFO - Track = Intro inserted
2025-05-03 00:12:26,733 - INFO - Track = This Is 50 inserted
2025-05-03 00:12:28,252 - INFO - Track = In My Hood inserted
2025-05-03 00:12:29,847 - INFO - Track = I'm Supposed to Die Tonight inserted
2025-05-03 00:12:32,439 - INFO - Track = Piggy Bank inserted
2025-05-03 00:12:32,935 - INFO - Track = Gatman and Robbin (feat. Eminem) inserted
2025-05-03 00:12:37,450 - INFO - Track = Outta Control inserted
2025-05-03 00:12:39,264 - INFO - Track = Get In My Car inserted
2025-05-03 00:12:41,818 - INFO - Track = A Baltimore Love Thing inserted
2025-05-03 00:12:41,825 - INFO - Track = Ski Mask Way inserted
2025-05-03 00:12:43,194 - INFO - Track = Ryder Music inserted
2025-05-03 00:12:46,570 - INFO - Track = Disco Inferno inserted
2025-05-03 00:12:50,086 - INFO - Track = Gunz Come Out inserted
2025-05-03 00:12:50,254 - INFO - Track = Just A Lil Bit inserted
2025-05-03 00:12:50,988 - INFO - Track = My Toy Soldier (feat. Tony Yayo) inserted
2025-05-03 00:12:55,114 - INFO - Track = Build You Up (feat. Jamie Foxx) inserted
2025-05-03 00:12:55,546 - INFO - Track = God Gave Me Style inserted
2025-05-03 00:12:56,198 - INFO - Track = Position Of Power inserted
2025-05-03 00:12:59,651 - INFO - Track = So Amazing (feat. Olivia) inserted
2025-05-03 00:13:00,256 - INFO - Track = I Don't Need 'Em inserted
2025-05-03 00:13:02,632 - INFO - Track = Hate It Or Love It (G-Unit Remix) [feat. The Game, Tony Yayo, Young Buck & Lloyd Banks] inserted
2025-05-03 00:13:09,976 - INFO - Track = SICKO MODE inserted
2025-05-03 00:13:11,794 - INFO - Track = CAROUSEL inserted
2025-05-03 00:13:13,465 - INFO - Track = STARGAZING inserted
2025-05-03 00:13:14,497 - INFO - Track = R.I.P. SCREW inserted
2025-05-03 00:13:19,476 - INFO - Track = STOP TRYING TO BE GOD inserted
2025-05-03 00:13:21,398 - INFO - Track = SKELETONS inserted
2025-05-03 00:13:22,620 - INFO - Track = NO BYSTANDERS inserted
2025-05-03 00:13:24,005 - INFO - Track = WAKE UP inserted
2025-05-03 00:13:28,735 - INFO - Track = NC-17 inserted
2025-05-03 00:13:29,296 - INFO - Track = ASTROTHUNDER inserted
2025-05-03 00:13:29,679 - INFO - Track = 5% TINT inserted
2025-05-03 00:13:36,791 - INFO - Track = WHO? WHAT! inserted
2025-05-03 00:13:37,976 - INFO - Track = YOSEMITE inserted
2025-05-03 00:13:38,677 - INFO - Track = CAN'T SAY inserted
2025-05-03 00:13:42,624 - INFO - Track = BUTTERFLY EFFECT inserted
2025-05-03 00:13:44,166 - INFO - Track = HOUSTONFORNICATION inserted
2025-05-03 00:13:45,498 - INFO - Track = COFFEE BEAN inserted
2025-05-03 00:13:51,843 - INFO - Track = THANK GOD inserted
2025-05-03 00:13:52,418 - INFO - Track = MODERN JAM inserted
2025-05-03 00:13:53,642 - INFO - Track = HYAENA inserted
2025-05-03 00:13:58,048 - INFO - Track = MY EYES inserted
2025-05-03 00:13:58,280 - INFO - Track = GOD'S COUNTRY inserted
2025-05-03 00:14:02,025 - INFO - Track = SIRENS inserted
2025-05-03 00:14:06,676 - INFO - Track = MELTDOWN inserted
2025-05-03 00:14:06,905 - INFO - Track = DELRESTO (ECHOES) inserted
2025-05-03 00:14:07,221 - INFO - Track = FE!N inserted
2025-05-03 00:14:12,123 - INFO - Track = TOPIA TWINS inserted
2025-05-03 00:14:13,685 - INFO - Track = I KNOW ? inserted
2025-05-03 00:14:13,696 - INFO - Track = CIRCUS MAXIMUS inserted
2025-05-03 00:14:18,253 - INFO - Track = PARASAIL inserted
2025-05-03 00:14:20,540 - INFO - Track = LOST FOREVER inserted
2025-05-03 00:14:21,150 - INFO - Track = SKITZO inserted
2025-05-03 00:14:25,231 - INFO - Track = LOOOVE inserted
2025-05-03 00:14:25,942 - INFO - Track = K-POP inserted
2025-05-03 00:14:28,469 - INFO - Track = TELEKINESIS inserted
2025-05-03 00:14:31,297 - INFO - Track = TIL FURTHER NOTICE inserted
2025-05-03 00:14:38,116 - INFO - Track = Slow Burn inserted
2025-05-03 00:14:38,609 - INFO - Track = Lonely Weekend inserted
2025-05-03 00:14:39,005 - INFO - Track = Butterflies inserted
2025-05-03 00:14:43,349 - INFO - Track = Mother inserted
2025-05-03 00:14:43,598 - INFO - Track = Oh, What a World inserted
2025-05-03 00:14:44,914 - INFO - Track = Love Is a Wild Thing inserted
2025-05-03 00:14:48,543 - INFO - Track = Happy & Sad inserted
2025-05-03 00:14:49,274 - INFO - Track = Space Cowboy inserted
2025-05-03 00:14:49,817 - INFO - Track = Velvet Elvis inserted
2025-05-03 00:14:53,689 - INFO - Track = Wonder Woman inserted
2025-05-03 00:14:55,236 - INFO - Track = High Horse inserted
2025-05-03 00:14:55,790 - INFO - Track = Golden Hour inserted
2025-05-03 00:14:58,942 - INFO - Track = Rainbow inserted
2025-05-03 00:15:03,156 - INFO - Track = Merry Go 'Round inserted
2025-05-03 00:15:04,280 - INFO - Track = My House inserted
2025-05-03 00:15:04,981 - INFO - Track = Silver Lining inserted
2025-05-03 00:15:08,286 - INFO - Track = Dandelion inserted
2025-05-03 00:15:09,150 - INFO - Track = Blowin' Smoke inserted
2025-05-03 00:15:09,735 - INFO - Track = I Miss You inserted
2025-05-03 00:15:13,236 - INFO - Track = Step Off inserted
2025-05-03 00:15:13,750 - INFO - Track = Back on the Map inserted
2025-05-03 00:15:15,480 - INFO - Track = Keep It to Yourself inserted
2025-05-03 00:15:17,345 - INFO - Track = Stupid inserted
2025-05-03 00:15:17,464 - INFO - Track = Follow Your Arrow inserted
2025-05-03 00:15:20,602 - INFO - Track = It Is What It Is inserted
2025-05-03 00:15:25,065 - INFO - Track = cherry blossom inserted
2025-05-03 00:15:25,434 - INFO - Track = star-crossed inserted
2025-05-03 00:15:25,712 - INFO - Track = good wife inserted
2025-05-03 00:15:30,010 - INFO - Track = if this was a movie.. inserted
2025-05-03 00:15:30,252 - INFO - Track = simple times inserted
2025-05-03 00:15:30,302 - INFO - Track = justified inserted
2025-05-03 00:15:33,966 - INFO - Track = breadwinner inserted
2025-05-03 00:15:34,119 - INFO - Track = angel inserted
2025-05-03 00:15:35,788 - INFO - Track = camera roll inserted
2025-05-03 00:15:37,973 - INFO - Track = easier said inserted
2025-05-03 00:15:39,210 - INFO - Track = hookup scene inserted
2025-05-03 00:15:39,902 - INFO - Track = keep lookin' up inserted
2025-05-03 00:15:42,913 - INFO - Track = what doesn't kill me inserted
2025-05-03 00:15:43,064 - INFO - Track = there is a light inserted
2025-05-03 00:15:44,677 - INFO - Track = gracias a la vida inserted
2025-05-03 00:15:48,332 - INFO - Track = Traveller inserted
2025-05-03 00:15:50,004 - INFO - Track = Fire Away inserted
2025-05-03 00:15:50,891 - INFO - Track = Tennessee Whiskey inserted
2025-05-03 00:15:52,622 - INFO - Track = Parachute inserted
2025-05-03 00:15:54,303 - INFO - Track = Whiskey and You inserted
2025-05-03 00:15:54,889 - INFO - Track = Nobody to Blame inserted
2025-05-03 00:15:57,368 - INFO - Track = More of You inserted
2025-05-03 00:15:58,480 - INFO - Track = Daddy Doesn't Pray Anymore inserted
2025-05-03 00:15:58,482 - INFO - Track = When the Stars Come Out inserted
2025-05-03 00:16:01,856 - INFO - Track = Might as Well Get Stoned inserted
2025-05-03 00:16:03,164 - INFO - Track = The Devil Named Music inserted
2025-05-03 00:16:04,419 - INFO - Track = Was It 26 inserted
2025-05-03 00:16:06,671 - INFO - Track = Outlaw State of Mind inserted
2025-05-03 00:16:08,001 - INFO - Track = Sometimes I Cry inserted
2025-05-03 00:16:11,778 - INFO - Track = Devil Always Made Me Think Twice inserted
2025-05-03 00:16:11,804 - INFO - Track = Cold inserted
2025-05-03 00:16:13,215 - INFO - Track = Starting Over inserted
2025-05-03 00:16:16,051 - INFO - Track = When I'm with You inserted
2025-05-03 00:16:16,210 - INFO - Track = Arkansas inserted
2025-05-03 00:16:17,890 - INFO - Track = Joy of My Life inserted
2025-05-03 00:16:19,578 - INFO - Track = Hillbilly Blood inserted
2025-05-03 00:16:19,978 - INFO - Track = Maggie's Song inserted
2025-05-03 00:16:22,018 - INFO - Track = Whiskey Sunrise inserted
2025-05-03 00:16:23,428 - INFO - Track = Worry B Gone inserted
2025-05-03 00:16:25,204 - INFO - Track = Old Friends inserted
2025-05-03 00:16:26,545 - INFO - Track = You Should Probably Leave inserted
2025-05-03 00:16:27,379 - INFO - Track = Watch You Burn inserted
2025-05-03 00:16:29,141 - INFO - Track = Nashville, TN inserted
2025-05-03 00:16:33,883 - INFO - Track = Broken Halos inserted
2025-05-03 00:16:34,163 - INFO - Track = Second One to Know inserted
2025-05-03 00:16:35,091 - INFO - Track = Last Thing I Needed, First Thing This Morning inserted
2025-05-03 00:16:38,475 - INFO - Track = Either Way inserted
2025-05-03 00:16:38,781 - INFO - Track = Up to No Good Livin' inserted
2025-05-03 00:16:40,676 - INFO - Track = I Was Wrong inserted
2025-05-03 00:16:42,549 - INFO - Track = Without Your Love inserted
2025-05-03 00:16:43,950 - INFO - Track = Them Stems inserted
2025-05-03 00:16:44,690 - INFO - Track = Death Row inserted
2025-05-03 00:16:48,142 - INFO - Track = Fifteen inserted
2025-05-03 00:16:49,557 - INFO - Track = Fearless inserted
2025-05-03 00:16:50,970 - INFO - Track = Love Story inserted
2025-05-03 00:16:52,852 - INFO - Track = Hey Stephen inserted
2025-05-03 00:16:56,829 - INFO - Track = White Horse inserted
2025-05-03 00:16:57,001 - INFO - Track = You Belong with Me inserted
2025-05-03 00:16:57,319 - INFO - Track = Breathe (feat. Colbie Caillat) inserted
2025-05-03 00:17:03,254 - INFO - Track = You're Not Sorry inserted
2025-05-03 00:17:03,271 - INFO - Track = Tell Me Why inserted
2025-05-03 00:17:03,417 - INFO - Track = The Way I Loved You inserted
2025-05-03 00:17:07,005 - INFO - Track = Change inserted
2025-05-03 00:17:09,245 - INFO - Track = Forever & Always inserted
2025-05-03 00:17:10,032 - INFO - Track = The Best Day inserted
2025-05-03 00:17:15,831 - INFO - Track = Back to December inserted
2025-05-03 00:17:16,346 - INFO - Track = Sparks Fly inserted
2025-05-03 00:17:16,645 - INFO - Track = Mine inserted
2025-05-03 00:17:21,146 - INFO - Track = Dear John inserted
2025-05-03 00:17:22,697 - INFO - Track = Speak Now inserted
2025-05-03 00:17:24,975 - INFO - Track = Mean inserted
2025-05-03 00:17:27,175 - INFO - Track = The Story of Us inserted
2025-05-03 00:17:29,326 - INFO - Track = Enchanted inserted
2025-05-03 00:17:29,898 - INFO - Track = Never Grow Up inserted
2025-05-03 00:17:33,906 - INFO - Track = Better Than Revenge inserted
2025-05-03 00:17:35,532 - INFO - Track = Innocent inserted
2025-05-03 00:17:37,447 - INFO - Track = Haunted inserted
2025-05-03 00:17:38,510 - INFO - Track = Last Kiss inserted
2025-05-03 00:17:39,437 - INFO - Track = Long Live inserted
2025-05-03 00:17:43,933 - INFO - Track = Treacherous inserted
2025-05-03 00:17:44,616 - INFO - Track = Red inserted
2025-05-03 00:17:47,214 - INFO - Track = State of Grace inserted
2025-05-03 00:17:50,412 - INFO - Track = I Knew You Were Trouble inserted
2025-05-03 00:17:51,888 - INFO - Track = 22 inserted
2025-05-03 00:17:53,799 - INFO - Track = All Too Well inserted
2025-05-03 00:17:54,048 - INFO - Track = I Almost Do inserted
2025-05-03 00:17:57,707 - INFO - Track = Stay Stay Stay inserted
2025-05-03 00:17:57,968 - INFO - Track = The Last Time inserted
2025-05-03 00:18:00,390 - INFO - Track = We Are Never Ever Getting Back Together inserted
2025-05-03 00:18:03,507 - INFO - Track = Holy Ground inserted
2025-05-03 00:18:04,155 - INFO - Track = Sad Beautiful Tragic inserted
2025-05-03 00:18:07,139 - INFO - Track = The Lucky One inserted
2025-05-03 00:18:10,278 - INFO - Track = Starlight inserted
2025-05-03 00:18:10,997 - INFO - Track = Everything Has Changed inserted
2025-05-03 00:18:12,009 - INFO - Track = Begin Again inserted
2025-05-03 00:18:17,533 - INFO - Track = That's My Kind of Night inserted
2025-05-03 00:18:17,838 - INFO - Track = Beer in the Headlights inserted
2025-05-03 00:18:18,517 - INFO - Track = Crash My Party inserted
2025-05-03 00:18:22,450 - INFO - Track = We Run This Town inserted
2025-05-03 00:18:23,488 - INFO - Track = Roller Coaster inserted
2025-05-03 00:18:25,447 - INFO - Track = Drink a Beer inserted
2025-05-03 00:18:26,912 - INFO - Track = Goodbye Girl inserted
2025-05-03 00:18:29,235 - INFO - Track = I See You inserted
2025-05-03 00:18:30,250 - INFO - Track = Play It Again inserted
2025-05-03 00:18:31,278 - INFO - Track = Blood Brothers inserted
2025-05-03 00:18:34,459 - INFO - Track = Out Like That inserted
2025-05-03 00:18:34,989 - INFO - Track = Shut It Down inserted
2025-05-03 00:18:35,812 - INFO - Track = Dirt Road Diary inserted
2025-05-03 00:18:40,505 - INFO - Track = Born Here Live Here Die Here inserted
2025-05-03 00:18:40,547 - INFO - Track = Knockin' Boots inserted
2025-05-03 00:18:42,447 - INFO - Track = What She Wants Tonight inserted
2025-05-03 00:18:44,863 - INFO - Track = One Margarita inserted
2025-05-03 00:18:45,748 - INFO - Track = Too Drunk to Drive inserted
2025-05-03 00:18:46,835 - INFO - Track = Build Me a Daddy inserted
2025-05-03 00:18:50,027 - INFO - Track = Little Less Broken inserted
2025-05-03 00:18:50,986 - INFO - Track = For a Boat inserted
2025-05-03 00:18:51,785 - INFO - Track = Where Are We Goin' inserted
2025-05-03 00:18:55,257 - INFO - Track = Down to One inserted
2025-05-03 00:18:59,606 - INFO - Track = Kill the Lights inserted
2025-05-03 00:18:59,777 - INFO - Track = Strip It Down inserted
2025-05-03 00:19:00,589 - INFO - Track = Kick the Dust Up inserted
2025-05-03 00:19:03,468 - INFO - Track = Home Alone Tonight [feat. Karen Fairchild] inserted
2025-05-03 00:19:04,515 - INFO - Track = Razor Blade inserted
2025-05-03 00:19:05,352 - INFO - Track = Fast inserted
2025-05-03 00:19:08,203 - INFO - Track = Move inserted
2025-05-03 00:19:08,789 - INFO - Track = Just Over inserted
2025-05-03 00:19:09,976 - INFO - Track = Love It Gone inserted
2025-05-03 00:19:12,919 - INFO - Track = Way Way Back inserted
2025-05-03 00:19:13,203 - INFO - Track = To the Moon and Back inserted
2025-05-03 00:19:14,930 - INFO - Track = Huntin', Fishin' and Lovin' Every Day inserted
2025-05-03 00:19:17,351 - INFO - Track = Scarecrows inserted
2025-05-03 00:19:25,104 - INFO - Track = Prelude to the Afternoon of a Fawn inserted
2025-05-03 00:19:26,091 - INFO - Track = Children's Corner Suite: V. The Little Shepherd inserted
2025-05-03 00:19:26,139 - INFO - Track = Children's Corner Suite: III. Serenade for the Doll inserted
2025-05-03 00:19:30,530 - INFO - Track = Syrinx (1910) inserted
2025-05-03 00:19:32,442 - INFO - Track = Arabesques: I. No. 1 inserted
2025-05-03 00:19:35,501 - INFO - Track = Chinese Dance inserted
2025-05-03 00:19:36,924 - INFO - Track = Dance of the Reed Flutes inserted
2025-05-03 00:19:38,962 - INFO - Track = Arabian Dance inserted
2025-05-03 00:19:39,393 - INFO - Track = Dance of the Sugar Plum Fairy inserted
2025-05-03 00:19:40,417 - INFO - Track = Russian Dance inserted
2025-05-03 00:19:44,759 - INFO - Track = Waltz of the Flowers inserted
2025-05-03 00:19:50,395 - INFO - Track = Allegro con brio inserted
2025-05-03 00:19:50,634 - INFO - Track = Andante Con Moto inserted
2025-05-03 00:19:58,264 - INFO - Track = Medea's Meditation And Dance Of Vengeance inserted
