2025-05-03 18:41:37,588 - INFO - Track = Anna (Go to Him) inserted
2025-05-03 18:41:37,783 - INFO - Track = Misery inserted
2025-05-03 18:41:40,753 - INFO - Track = I Saw Her Standing There inserted
2025-05-03 18:41:41,395 - INFO - Track = Boys inserted
2025-05-03 18:41:43,299 - INFO - Track = Chains inserted
2025-05-03 18:41:44,248 - INFO - Track = Ask Me Why inserted
2025-05-03 18:41:45,985 - INFO - Track = Please Please Me inserted
2025-05-03 18:42:34,891 - INFO - Track = Misery inserted
2025-05-03 18:42:36,313 - INFO - Track = Anna (Go to Him) inserted
2025-05-03 18:42:36,331 - INFO - Track = I Saw Her Standing There inserted
2025-05-03 18:42:38,453 - INFO - Track = Chains inserted
2025-05-03 18:42:39,463 - INFO - Track = Ask Me Why inserted
2025-05-03 18:42:39,608 - INFO - Track = Boys inserted
2025-05-03 18:42:42,213 - INFO - Track = Please Please Me inserted
2025-05-03 18:42:44,051 - INFO - Track = Love Me Do inserted
2025-05-03 18:42:46,130 - INFO - Track = P.S. I Love You inserted
2025-05-03 18:42:49,353 - INFO - Track = Baby It's You inserted
2025-05-03 18:42:51,287 - INFO - Track = Do You Want to Know a Secret inserted
2025-05-03 18:42:54,161 - INFO - Track = A Taste of Honey inserted
2025-05-03 18:42:56,325 - INFO - Track = Twist and Shout inserted
2025-05-03 18:42:56,640 - INFO - Track = There's a Place inserted
2025-05-03 18:43:03,762 - INFO - Track = With a Little Help From My Friends inserted
2025-05-03 18:43:04,500 - INFO - Track = Lucy in the Sky With Diamonds inserted
2025-05-03 18:43:05,995 - INFO - Track = Sgt. Pepper's Lonely Hearts Club Band inserted
2025-05-03 18:43:11,676 - INFO - Track = Fixing a Hole inserted
2025-05-03 18:43:12,134 - INFO - Track = Getting Better inserted
2025-05-03 18:43:15,086 - INFO - Track = She's Leaving Home inserted
2025-05-03 18:43:19,478 - INFO - Track = Within You Without You inserted
2025-05-03 18:43:23,444 - INFO - Track = When I'm Sixty-Four inserted
2025-05-03 18:43:24,503 - INFO - Track = Lovely Rita inserted
2025-05-03 18:43:26,781 - INFO - Track = Good Morning Good Morning inserted
2025-05-03 18:43:27,591 - INFO - Track = Sgt. Pepper's Lonely Hearts Club Band inserted
2025-05-03 18:43:38,878 - INFO - Track = A Day in the Life inserted
2025-05-03 18:43:45,771 - INFO - Track = I Should Have Known Better inserted
2025-05-03 18:43:45,927 - INFO - Track = If I Fell inserted
2025-05-03 18:43:48,056 - INFO - Track = A Hard Day's Night inserted
2025-05-03 18:43:52,058 - INFO - Track = And I Love Her inserted
2025-05-03 18:43:52,377 - INFO - Track = Tell Me Why inserted
2025-05-03 18:43:53,075 - INFO - Track = I'm Happy Just to Dance with You inserted
2025-05-03 18:43:57,208 - INFO - Track = Any Time at All inserted
2025-05-03 18:43:58,388 - INFO - Track = Can't Buy Me Love inserted
2025-05-03 18:44:00,228 - INFO - Track = I'll Cry Instead inserted
2025-05-03 18:44:04,005 - INFO - Track = When I Get Home inserted
2025-05-03 18:44:05,879 - INFO - Track = Things We Said Today inserted
2025-05-03 18:44:10,399 - INFO - Track = You Can't Do That inserted
2025-05-03 18:44:11,693 - INFO - Track = I'll Be Back inserted
2025-05-03 18:44:17,148 - INFO - Track = Girls Got Rhythm inserted
2025-05-03 18:44:19,882 - INFO - Track = Walk All Over You inserted
2025-05-03 18:44:20,801 - INFO - Track = Highway to Hell inserted
2025-05-03 18:44:22,143 - INFO - Track = Touch Too Much inserted
2025-05-03 18:44:25,291 - INFO - Track = Beating Around the Bush inserted
2025-05-03 18:44:26,335 - INFO - Track = Shot Down in Flames inserted
2025-05-03 18:44:27,281 - INFO - Track = Get It Hot inserted
2025-05-03 18:44:29,869 - INFO - Track = Love Hungry Man inserted
2025-05-03 18:44:31,777 - INFO - Track = If You Want Blood (You've Got It) inserted
2025-05-03 18:44:33,102 - INFO - Track = Night Prowler inserted
2025-05-03 18:44:37,894 - INFO - Track = What Do You Do for Money Honey inserted
2025-05-03 18:44:39,061 - INFO - Track = Hells Bells inserted
2025-05-03 18:44:39,475 - INFO - Track = Shoot to Thrill inserted
2025-05-03 18:44:41,480 - INFO - Track = Given the Dog a Bone inserted
2025-05-03 18:44:43,018 - INFO - Track = Let Me Put My Love Into You inserted
2025-05-03 18:44:46,966 - INFO - Track = You Shook Me All Night Long inserted
2025-05-03 18:44:47,098 - INFO - Track = Back in Black inserted
2025-05-03 18:44:48,425 - INFO - Track = Have a Drink on Me inserted
2025-05-03 18:44:51,301 - INFO - Track = Shake a Leg inserted
2025-05-03 18:44:52,956 - INFO - Track = Rock and Roll Ain't Noise Pollution inserted
2025-05-03 18:44:59,147 - INFO - Track = The Stranger inserted
2025-05-03 18:45:00,336 - INFO - Track = Just the Way You Are inserted
2025-05-03 18:45:00,926 - INFO - Track = Movin' Out (Anthony's Song) inserted
2025-05-03 18:45:04,345 - INFO - Track = Scenes from an Italian Restaurant inserted
2025-05-03 18:45:06,745 - INFO - Track = Vienna inserted
2025-05-03 18:45:07,588 - INFO - Track = Only the Good Die Young inserted
2025-05-03 18:45:09,831 - INFO - Track = She's Always a Woman inserted
2025-05-03 18:45:12,099 - INFO - Track = Get It Right the First Time inserted
2025-05-03 18:45:12,966 - INFO - Track = Everybody Has a Dream inserted
2025-05-03 18:45:16,455 - INFO - Track = My Life inserted
2025-05-03 18:45:17,457 - INFO - Track = Honesty inserted
2025-05-03 18:45:17,747 - INFO - Track = Big Shot inserted
2025-05-03 18:45:21,233 - INFO - Track = Zanzibar inserted
2025-05-03 18:45:22,431 - INFO - Track = Stiletto inserted
2025-05-03 18:45:24,333 - INFO - Track = Rosalinda's Eyes inserted
2025-05-03 18:45:27,411 - INFO - Track = Until the Night inserted
2025-05-03 18:45:27,727 - INFO - Track = Half A Mile Away inserted
2025-05-03 18:45:29,477 - INFO - Track = 52nd Street inserted
2025-05-03 18:45:34,798 - INFO - Track = Subterranean Homesick Alien inserted
2025-05-03 18:45:35,479 - INFO - Track = Airbag inserted
2025-05-03 18:45:38,865 - INFO - Track = Paranoid Android inserted
2025-05-03 18:45:41,915 - INFO - Track = Let Down inserted
2025-05-03 18:45:42,723 - INFO - Track = Exit Music (for a Film) inserted
2025-05-03 18:45:43,391 - INFO - Track = Karma Police inserted
2025-05-03 18:45:47,351 - INFO - Track = Fitter Happier inserted
2025-05-03 18:45:47,701 - INFO - Track = Electioneering inserted
2025-05-03 18:45:48,230 - INFO - Track = Climbing Up the Walls inserted
2025-05-03 18:45:52,417 - INFO - Track = The Tourist inserted
2025-05-03 18:45:53,880 - INFO - Track = Lucky inserted
2025-05-03 18:45:54,027 - INFO - Track = No Surprises inserted
2025-05-03 18:45:59,811 - INFO - Track = Everything in Its Right Place inserted
2025-05-03 18:46:00,357 - INFO - Track = The National Anthem inserted
2025-05-03 18:46:01,963 - INFO - Track = Kid A inserted
2025-05-03 18:46:04,601 - INFO - Track = Treefingers inserted
2025-05-03 18:46:07,071 - INFO - Track = Optimistic inserted
2025-05-03 18:46:07,682 - INFO - Track = How to Disappear Completely inserted
2025-05-03 18:46:10,315 - INFO - Track = In Limbo inserted
2025-05-03 18:46:12,086 - INFO - Track = Idioteque inserted
2025-05-03 18:46:13,531 - INFO - Track = Morning Bell inserted
2025-05-03 18:46:14,417 - INFO - Track = Motion Picture Soundtrack inserted
2025-05-03 18:46:20,448 - INFO - Track = Bodysnatchers inserted
2025-05-03 18:46:20,759 - INFO - Track = Nude inserted
2025-05-03 18:46:20,951 - INFO - Track = 15 Step inserted
2025-05-03 18:46:26,865 - INFO - Track = All I Need inserted
2025-05-03 18:46:26,955 - INFO - Track = Faust Arp inserted
2025-05-03 18:46:27,229 - INFO - Track = Weird Fishes/Arpeggi inserted
2025-05-03 18:46:31,623 - INFO - Track = Jigsaw Falling Into Place inserted
2025-05-03 18:46:32,071 - INFO - Track = House of Cards inserted
2025-05-03 18:46:33,217 - INFO - Track = Reckoner inserted
2025-05-03 18:46:37,917 - INFO - Track = Videotape inserted
2025-05-03 18:46:42,612 - INFO - Track = This Love inserted
2025-05-03 18:46:42,850 - INFO - Track = Shiver inserted
2025-05-03 18:46:44,571 - INFO - Track = Harder to Breathe inserted
2025-05-03 18:46:47,715 - INFO - Track = Tangled inserted
2025-05-03 18:46:49,731 - INFO - Track = The Sun inserted
2025-05-03 18:46:51,353 - INFO - Track = She Will Be Loved inserted
2025-05-03 18:46:51,671 - INFO - Track = Must Get Out inserted
2025-05-03 18:46:55,445 - INFO - Track = Sunday Morning inserted
2025-05-03 18:46:56,796 - INFO - Track = Secret inserted
2025-05-03 18:46:56,848 - INFO - Track = Through with You inserted
2025-05-03 18:47:00,231 - INFO - Track = Not Coming Home inserted
2025-05-03 18:47:01,933 - INFO - Track = Sweetest Goodbye inserted
2025-05-03 18:47:05,674 - INFO - Track = Daylight inserted
2025-05-03 18:47:08,002 - INFO - Track = Payphone inserted
2025-05-03 18:47:08,036 - INFO - Track = One More Night inserted
2025-05-03 18:47:10,587 - INFO - Track = Lucky Strike inserted
2025-05-03 18:47:12,807 - INFO - Track = Love Somebody inserted
2025-05-03 18:47:13,310 - INFO - Track = The Man Who Never Lied inserted
2025-05-03 18:47:15,725 - INFO - Track = Ladykiller inserted
2025-05-03 18:47:17,665 - INFO - Track = Fortune Teller inserted
2025-05-03 18:47:18,246 - INFO - Track = Sad inserted
2025-05-03 18:47:20,663 - INFO - Track = Tickets inserted
2025-05-03 18:47:21,329 - INFO - Track = Doin' Dirt inserted
2025-05-03 18:47:23,716 - INFO - Track = Beautiful Goodbye inserted
2025-05-03 18:47:29,386 - INFO - Track = Off to the Races inserted
2025-05-03 18:47:33,040 - INFO - Track = Blue Jeans inserted
2025-05-03 18:47:35,115 - INFO - Track = Born to Die inserted
2025-05-03 18:47:36,647 - INFO - Track = Video Games inserted
2025-05-03 18:47:43,024 - INFO - Track = Dark Paradise inserted
2025-05-03 18:47:43,511 - INFO - Track = Radio inserted
2025-05-03 18:47:43,696 - INFO - Track = National Anthem inserted
2025-05-03 18:47:48,106 - INFO - Track = Million Dollar Man inserted
2025-05-03 18:47:51,167 - INFO - Track = Summertime Sadness inserted
2025-05-03 18:47:51,199 - INFO - Track = Carmen inserted
2025-05-03 18:47:52,293 - INFO - Track = This Is What Makes Us Girls inserted
2025-05-03 18:47:56,830 - INFO - Track = Venice Bitch inserted
2025-05-03 18:47:57,537 - INFO - Track = Norman fucking Rockwell inserted
2025-05-03 18:47:58,888 - INFO - Track = Mariners Apartment Complex inserted
2025-05-03 18:48:01,523 - INFO - Track = Fuck it I love you inserted
2025-05-03 18:48:02,705 - INFO - Track = Doin' Time inserted
2025-05-03 18:48:04,865 - INFO - Track = Love song inserted
2025-05-03 18:48:05,713 - INFO - Track = Cinnamon Girl inserted
2025-05-03 18:48:08,753 - INFO - Track = How to disappear inserted
2025-05-03 18:48:10,625 - INFO - Track = The Next Best American Record inserted
2025-05-03 18:48:11,873 - INFO - Track = California inserted
2025-05-03 18:48:14,184 - INFO - Track = Bartender inserted
2025-05-03 18:48:14,311 - INFO - Track = The Greatest inserted
2025-05-03 18:48:16,848 - INFO - Track = Happiness is a butterfly inserted
2025-05-03 18:48:20,025 - INFO - Track = Hope Is a Dangerous Thing for a Woman Like Me to Have - But I Have It inserted
2025-05-03 18:48:23,556 - INFO - Track = Where the Money Flows inserted
2025-05-03 18:48:24,199 - INFO - Track = Soulless Friends inserted
2025-05-03 18:48:24,272 - INFO - Track = Floated By inserted
2025-05-03 18:48:26,832 - INFO - Track = Vishnu <3 inserted
2025-05-03 18:48:28,147 - INFO - Track = Memory Box inserted
2025-05-03 18:48:28,424 - INFO - Track = Freezing inserted
2025-05-03 18:48:30,504 - INFO - Track = Heera inserted
2025-05-03 18:48:31,588 - INFO - Track = I'm This inserted
2025-05-03 18:48:32,255 - INFO - Track = Remain in Me inserted
2025-05-03 18:48:33,895 - INFO - Track = Shit I'm Dreaming inserted
2025-05-03 18:48:38,905 - INFO - Track = Seek & Destroy inserted
2025-05-03 18:48:40,067 - INFO - Track = SOS inserted
2025-05-03 18:48:42,909 - INFO - Track = Kill Bill inserted
2025-05-03 18:48:44,299 - INFO - Track = Love Language inserted
2025-05-03 18:48:45,071 - INFO - Track = Low inserted
2025-05-03 18:48:48,639 - INFO - Track = Blind inserted
2025-05-03 18:48:52,300 - INFO - Track = Snooze inserted
2025-05-03 18:48:53,978 - INFO - Track = Gone Girl inserted
2025-05-03 18:48:54,608 - INFO - Track = Notice Me inserted
2025-05-03 18:48:58,643 - INFO - Track = Smoking on My Ex Pack inserted
2025-05-03 18:49:00,844 - INFO - Track = F2F inserted
2025-05-03 18:49:02,692 - INFO - Track = Nobody Gets Me inserted
2025-05-03 18:49:04,748 - INFO - Track = Conceited inserted
2025-05-03 18:49:06,773 - INFO - Track = Special inserted
2025-05-03 18:49:09,204 - INFO - Track = Too Late inserted
2025-05-03 18:49:10,059 - INFO - Track = Far inserted
2025-05-03 18:49:10,932 - INFO - Track = Shirt inserted
2025-05-03 18:49:16,601 - INFO - Track = I Hate U inserted
2025-05-03 18:49:17,101 - INFO - Track = Good Days inserted
2025-05-03 18:49:23,120 - INFO - Track = Supermodel inserted
2025-05-03 18:49:23,262 - INFO - Track = Doves In the Wind inserted
2025-05-03 18:49:24,744 - INFO - Track = Love Galore inserted
2025-05-03 18:49:28,581 - INFO - Track = Prom inserted
2025-05-03 18:49:28,918 - INFO - Track = Drew Barrymore inserted
2025-05-03 18:49:32,396 - INFO - Track = The Weekend inserted
2025-05-03 18:49:34,197 - INFO - Track = Go Gina inserted
2025-05-03 18:49:35,450 - INFO - Track = Garden (Say It Like Dat) inserted
2025-05-03 18:49:38,676 - INFO - Track = Broken Clocks inserted
2025-05-03 18:49:39,901 - INFO - Track = Anything inserted
2025-05-03 18:49:40,756 - INFO - Track = Wavy (Interlude) inserted
2025-05-03 18:49:44,278 - INFO - Track = 20 Something inserted
2025-05-03 18:49:44,281 - INFO - Track = Pretty Little Birds inserted
2025-05-03 18:49:44,798 - INFO - Track = Normal Girl inserted
2025-05-03 18:49:50,811 - INFO - Track = NASA inserted
2025-05-03 18:49:51,941 - INFO - Track = imagine inserted
2025-05-03 18:49:52,621 - INFO - Track = needy inserted
2025-05-03 18:49:57,552 - INFO - Track = bloodline inserted
2025-05-03 18:49:58,616 - INFO - Track = bad idea inserted
2025-05-03 18:49:58,766 - INFO - Track = fake smile inserted
2025-05-03 18:50:05,661 - INFO - Track = in my head inserted
2025-05-03 18:50:06,898 - INFO - Track = make up inserted
2025-05-03 18:50:07,786 - INFO - Track = ghostin inserted
2025-05-03 18:50:16,403 - INFO - Track = break up with your girlfriend, i'm bored inserted
2025-05-03 18:50:23,975 - INFO - Track = 7 rings inserted
2025-05-03 18:50:28,151 - INFO - Track = intro (end of the world) inserted
2025-05-03 18:50:30,138 - INFO - Track = don't wanna break up again inserted
2025-05-03 18:50:30,901 - INFO - Track = bye inserted
2025-05-03 18:50:33,788 - INFO - Track = Saturn Returns Interlude inserted
2025-05-03 18:50:35,759 - INFO - Track = supernatural inserted
2025-05-03 18:50:37,460 - INFO - Track = eternal sunshine inserted
2025-05-03 18:50:41,149 - INFO - Track = true story inserted
2025-05-03 18:50:44,122 - INFO - Track = yes, and? inserted
2025-05-03 18:50:44,273 - INFO - Track = the boy is mine inserted
2025-05-03 18:50:46,321 - INFO - Track = we can't be friends (wait for your love) inserted
2025-05-03 18:50:48,330 - INFO - Track = imperfect for you inserted
2025-05-03 18:50:50,691 - INFO - Track = i wish i hated you inserted
2025-05-03 18:50:52,965 - INFO - Track = ordinary things inserted
2025-05-03 18:50:58,907 - INFO - Track = Kiss It Better inserted
2025-05-03 18:50:59,722 - INFO - Track = Consideration inserted
2025-05-03 18:51:00,573 - INFO - Track = James Joint inserted
2025-05-03 18:51:05,989 - INFO - Track = Desperado inserted
2025-05-03 18:51:07,237 - INFO - Track = Woo inserted
2025-05-03 18:51:07,648 - INFO - Track = Work inserted
2025-05-03 18:51:12,470 - INFO - Track = Same Ol' Mistakes inserted
2025-05-03 18:51:12,500 - INFO - Track = Needed Me inserted
2025-05-03 18:51:16,435 - INFO - Track = Yeah, I Said It inserted
2025-05-03 18:51:17,976 - INFO - Track = Love on the Brain inserted
2025-05-03 18:51:17,990 - INFO - Track = Never Ending inserted
2025-05-03 18:51:23,095 - INFO - Track = Higher inserted
2025-05-03 18:51:23,308 - INFO - Track = Close to You inserted
2025-05-03 18:51:25,074 - INFO - Track = Goodnight Gotham inserted
2025-05-03 18:51:27,940 - INFO - Track = Pose inserted
2025-05-03 18:51:31,321 - INFO - Track = Sex With Me inserted
2025-05-03 18:51:34,987 - INFO - Track = Phresh Out the Runway inserted
2025-05-03 18:51:38,841 - INFO - Track = Diamonds inserted
2025-05-03 18:51:41,986 - INFO - Track = Jump inserted
2025-05-03 18:51:42,008 - INFO - Track = Pour It Up inserted
2025-05-03 18:51:49,131 - INFO - Track = What Now inserted
2025-05-03 18:51:49,521 - INFO - Track = Love Without Tragedy / Mother Mary inserted
2025-05-03 18:51:52,018 - INFO - Track = Get It Over With inserted
2025-05-03 18:51:53,091 - INFO - Track = No Love Allowed inserted
2025-05-03 18:51:55,144 - INFO - Track = Lost in Paradise inserted
2025-05-03 18:51:59,460 - INFO - Track = Start inserted
2025-05-03 18:52:01,552 - INFO - Track = Fertilizer inserted
2025-05-03 18:52:01,719 - INFO - Track = Thinkin Bout You inserted
2025-05-03 18:52:06,431 - INFO - Track = Not Just Money inserted
2025-05-03 18:52:06,773 - INFO - Track = Sierra Leone inserted
2025-05-03 18:52:08,266 - INFO - Track = Sweet Life inserted
2025-05-03 18:52:12,194 - INFO - Track = Pilot Jones inserted
2025-05-03 18:52:12,943 - INFO - Track = Crack Rock inserted
2025-05-03 18:52:16,565 - INFO - Track = Pyramids inserted
2025-05-03 18:52:17,604 - INFO - Track = Super Rich Kids inserted
2025-05-03 18:52:20,246 - INFO - Track = Lost inserted
2025-05-03 18:52:23,175 - INFO - Track = Monks inserted
2025-05-03 18:52:25,404 - INFO - Track = White inserted
2025-05-03 18:52:28,136 - INFO - Track = Bad Religion inserted
2025-05-03 18:52:30,364 - INFO - Track = Forrest Gump inserted
2025-05-03 18:52:31,315 - INFO - Track = Pink Matter inserted
2025-05-03 18:52:34,433 - INFO - Track = End inserted
2025-05-03 18:52:38,513 - INFO - Track = Pink + White inserted
2025-05-03 18:52:43,106 - INFO - Track = Nikes inserted
2025-05-03 18:52:44,250 - INFO - Track = Be Yourself inserted
2025-05-03 18:52:44,915 - INFO - Track = Ivy inserted
2025-05-03 18:52:47,337 - INFO - Track = Solo inserted
2025-05-03 18:52:48,688 - INFO - Track = Skyline To inserted
2025-05-03 18:52:49,796 - INFO - Track = Self Control inserted
2025-05-03 18:52:52,414 - INFO - Track = Good Guy inserted
2025-05-03 18:52:53,951 - INFO - Track = Solo (Reprise) inserted
2025-05-03 18:52:56,945 - INFO - Track = Pretty Sweet inserted
2025-05-03 18:52:57,334 - INFO - Track = Nights inserted
2025-05-03 18:52:58,147 - INFO - Track = Facebook Story inserted
2025-05-03 18:53:01,806 - INFO - Track = White Ferrari inserted
2025-05-03 18:53:03,280 - INFO - Track = Close to You inserted
2025-05-03 18:53:04,689 - INFO - Track = Seigfried inserted
2025-05-03 18:53:08,334 - INFO - Track = Godspeed inserted
2025-05-03 18:53:12,602 - INFO - Track = Futura Free inserted
2025-05-03 18:53:17,667 - INFO - Track = Angels Like You inserted
2025-05-03 18:53:18,118 - INFO - Track = Plastic Hearts inserted
2025-05-03 18:53:18,676 - INFO - Track = WTF Do I Know inserted
2025-05-03 18:53:24,301 - INFO - Track = Prisoner inserted
2025-05-03 18:53:24,330 - INFO - Track = Gimme What I Want inserted
2025-05-03 18:53:26,707 - INFO - Track = Night Crawling inserted
2025-05-03 18:53:30,224 - INFO - Track = High inserted
2025-05-03 18:53:30,773 - INFO - Track = Midnight Sky inserted
2025-05-03 18:53:32,413 - INFO - Track = Hate Me inserted
2025-05-03 18:53:36,131 - INFO - Track = Golden G String inserted
2025-05-03 18:53:36,448 - INFO - Track = Never Be Me inserted
2025-05-03 18:53:36,832 - INFO - Track = Bad Karma inserted
2025-05-03 18:53:40,641 - INFO - Track = Zombie (Live from the NIVA Save Our Stages Festival) inserted
2025-05-03 18:53:41,515 - INFO - Track = Edge of Midnight (Midnight Sky Remix) inserted
2025-05-03 18:53:45,720 - INFO - Track = Rose Colored Lenses inserted
2025-05-03 18:53:47,881 - INFO - Track = Flowers inserted
2025-05-03 18:53:48,019 - INFO - Track = Jaded inserted
2025-05-03 18:53:51,833 - INFO - Track = Thousand Miles inserted
2025-05-03 18:53:53,159 - INFO - Track = Handstand inserted
2025-05-03 18:53:53,711 - INFO - Track = You inserted
2025-05-03 18:53:58,517 - INFO - Track = River inserted
2025-05-03 18:53:58,950 - INFO - Track = Violet Chemistry inserted
2025-05-03 18:54:00,985 - INFO - Track = Muddy Feet inserted
2025-05-03 18:54:04,254 - INFO - Track = Wildcard inserted
2025-05-03 18:54:05,143 - INFO - Track = Island inserted
2025-05-03 18:54:06,851 - INFO - Track = Wonder Woman inserted
2025-05-03 18:54:11,192 - INFO - Track = Paris inserted
2025-05-03 18:54:12,480 - INFO - Track = Almost Love inserted
2025-05-03 18:54:17,001 - INFO - Track = Sue Me inserted
2025-05-03 18:54:17,817 - INFO - Track = prfct inserted
2025-05-03 18:54:18,462 - INFO - Track = Bad Time inserted
2025-05-03 18:54:21,375 - INFO - Track = Diamonds Are Forever inserted
2025-05-03 18:54:23,548 - INFO - Track = Mona Lisa inserted
2025-05-03 18:54:28,933 - INFO - Track = Espresso inserted
2025-05-03 18:54:33,533 - INFO - Track = Please Please Please inserted
2025-05-03 18:54:37,453 - INFO - Track = Nervous inserted
2025-05-03 18:54:40,613 - INFO - Track = Lost in Japan inserted
2025-05-03 18:54:40,940 - INFO - Track = In My Blood inserted
2025-05-03 18:54:42,119 - INFO - Track = Where Were You in the Morning? inserted
2025-05-03 18:54:47,029 - INFO - Track = Fallin' All in You inserted
2025-05-03 18:54:47,279 - INFO - Track = Particular Taste inserted
2025-05-03 18:54:48,192 - INFO - Track = Like to Be You inserted
2025-05-03 18:54:52,196 - INFO - Track = Why inserted
2025-05-03 18:54:52,795 - INFO - Track = Because I Had You inserted
2025-05-03 18:54:52,798 - INFO - Track = Queen inserted
2025-05-03 18:54:57,510 - INFO - Track = Youth inserted
2025-05-03 18:54:58,170 - INFO - Track = Perfectly Wrong inserted
2025-05-03 18:54:58,268 - INFO - Track = Mutual inserted
2025-05-03 18:55:01,051 - INFO - Track = When You're Ready inserted
2025-05-03 18:55:06,638 - INFO - Track = There's Nothing Holdin' Me Back inserted
2025-05-03 18:55:06,768 - INFO - Track = Mercy inserted
2025-05-03 18:55:07,355 - INFO - Track = Ruin inserted
2025-05-03 18:55:11,432 - INFO - Track = Three Empty Words inserted
2025-05-03 18:55:12,300 - INFO - Track = Treat You Better inserted
2025-05-03 18:55:12,609 - INFO - Track = Don't Be a Fool inserted
2025-05-03 18:55:17,053 - INFO - Track = Lights On inserted
2025-05-03 18:55:17,654 - INFO - Track = Like This inserted
2025-05-03 18:55:18,639 - INFO - Track = No Promises inserted
2025-05-03 18:55:20,465 - INFO - Track = Honest inserted
2025-05-03 18:55:22,612 - INFO - Track = Patience inserted
2025-05-03 18:55:24,431 - INFO - Track = Bad Reputation inserted
2025-05-03 18:55:26,052 - INFO - Track = Understand inserted
2025-05-03 18:55:27,136 - INFO - Track = Hold On inserted
2025-05-03 18:55:29,538 - INFO - Track = Roses inserted
2025-05-03 18:55:35,014 - INFO - Track = Default inserted
2025-05-03 18:55:35,058 - INFO - Track = The Beginning inserted
2025-05-03 18:55:37,597 - INFO - Track = Good in Goodbye inserted
2025-05-03 18:55:41,020 - INFO - Track = Effortlessly inserted
2025-05-03 18:55:41,171 - INFO - Track = Follow the White Rabbit inserted
2025-05-03 18:55:43,086 - INFO - Track = Stay Numb and Carry On inserted
2025-05-03 18:55:45,446 - INFO - Track = Blue inserted
2025-05-03 18:55:45,751 - INFO - Track = Interlude inserted
2025-05-03 18:55:47,868 - INFO - Track = Homesick inserted
2025-05-03 18:55:50,627 - INFO - Track = Sour Times inserted
2025-05-03 18:55:51,471 - INFO - Track = Selfish inserted
2025-05-03 18:55:53,952 - INFO - Track = BOYSHIT inserted
2025-05-03 18:55:56,260 - INFO - Track = Stained Glass inserted
2025-05-03 18:55:57,516 - INFO - Track = Baby inserted
2025-05-03 18:55:59,312 - INFO - Track = Emotional Bruises inserted
2025-05-03 18:56:01,556 - INFO - Track = Everything Happens for a Reason inserted
2025-05-03 18:56:04,983 - INFO - Track = Channel Surfing / The End inserted
2025-05-03 18:56:10,115 - INFO - Track = Envy the Leaves inserted
2025-05-03 18:56:11,211 - INFO - Track = Sweet Relief inserted
2025-05-03 18:56:11,690 - INFO - Track = Spinnin inserted
2025-05-03 18:56:13,804 - INFO - Track = 17 inserted
2025-05-03 18:56:15,059 - INFO - Track = Nothing Matters But You inserted
2025-05-03 18:56:16,560 - INFO - Track = Ryder inserted
2025-05-03 18:56:18,208 - INFO - Track = I Wonder inserted
2025-05-03 18:56:18,451 - INFO - Track = At Your Worst inserted
2025-05-03 18:56:22,653 - INFO - Track = Showed Me (How I Fell in Love with You) inserted
2025-05-03 18:56:23,498 - INFO - Track = Dangerous inserted
2025-05-03 18:56:23,913 - INFO - Track = Home to Another One inserted
2025-05-03 18:56:27,386 - INFO - Track = Silence Between Songs inserted
2025-05-03 18:56:28,734 - INFO - Track = Reckless inserted
2025-05-03 18:56:30,262 - INFO - Track = King Of Everything inserted
2025-05-03 18:56:34,162 - INFO - Track = Garden of Eden inserted
2025-05-03 18:56:34,392 - INFO - Track = Abracadabra inserted
2025-05-03 18:56:34,571 - INFO - Track = Disease inserted
2025-05-03 18:56:37,958 - INFO - Track = Perfect Celebrity inserted
2025-05-03 18:56:40,699 - INFO - Track = Killah inserted
2025-05-03 18:56:40,833 - INFO - Track = Vanish Into You inserted
2025-05-03 18:56:43,337 - INFO - Track = Zombieboy inserted
2025-05-03 18:56:44,236 - INFO - Track = LoveDrug inserted
2025-05-03 18:56:46,251 - INFO - Track = How Bad Do U Want Me inserted
2025-05-03 18:56:48,174 - INFO - Track = Don't Call Tonight inserted
2025-05-03 18:56:50,272 - INFO - Track = Shadow of a Man inserted
2025-05-03 18:56:50,469 - INFO - Track = The Beast inserted
2025-05-03 18:56:54,552 - INFO - Track = Die with a Smile inserted
2025-05-03 18:56:54,648 - INFO - Track = Blade of Grass inserted
2025-05-03 18:56:59,353 - INFO - Track = Chromatica I inserted
2025-05-03 18:57:02,580 - INFO - Track = Alice inserted
2025-05-03 18:57:03,255 - INFO - Track = Stupid Love inserted
2025-05-03 18:57:08,767 - INFO - Track = Fun Tonight inserted
2025-05-03 18:57:09,451 - INFO - Track = Free Woman inserted
2025-05-03 18:57:09,903 - INFO - Track = Rain on Me inserted
2025-05-03 18:57:13,597 - INFO - Track = Chromatica II inserted
2025-05-03 18:57:15,883 - INFO - Track = Plastic Doll inserted
2025-05-03 18:57:17,779 - INFO - Track = 911 inserted
2025-05-03 18:57:21,169 - INFO - Track = Sour Candy inserted
2025-05-03 18:57:22,106 - INFO - Track = Enigma inserted
2025-05-03 18:57:22,769 - INFO - Track = Replay inserted
2025-05-03 18:57:25,509 - INFO - Track = Chromatica III inserted
2025-05-03 18:57:27,388 - INFO - Track = 1000 Doves inserted
2025-05-03 18:57:27,705 - INFO - Track = Sine from Above inserted
2025-05-03 18:57:33,244 - INFO - Track = Babylon inserted
2025-05-03 18:57:38,390 - INFO - Track = AuRoRa inserted
2025-05-03 18:57:38,713 - INFO - Track = GRAVITY inserted
2025-05-03 18:57:39,004 - INFO - Track = Parting inserted
2025-05-03 18:57:42,789 - INFO - Track = Rain To Be inserted
2025-05-03 18:57:42,878 - INFO - Track = Regulus inserted
2025-05-03 18:57:43,207 - INFO - Track = Montage_ inserted
2025-05-03 18:57:47,135 - INFO - Track = TRAUMA inserted
2025-05-03 18:57:47,444 - INFO - Track = Logo inserted
2025-05-03 18:57:48,128 - INFO - Track = Ring on my Ears inserted
2025-05-03 18:57:51,616 - INFO - Track = End of Spring inserted
2025-05-03 18:57:52,870 - INFO - Track = Crazy good inserted
2025-05-03 18:57:56,501 - INFO - Track = Still My Patna inserted
2025-05-03 18:57:57,095 - INFO - Track = Need Some More inserted
2025-05-03 18:57:58,225 - INFO - Track = Been Too Long inserted
2025-05-03 18:58:00,274 - INFO - Track = Attached inserted
2025-05-03 18:58:01,808 - INFO - Track = Bankroll inserted
2025-05-03 18:58:02,804 - INFO - Track = One For Me inserted
2025-05-03 18:58:03,987 - INFO - Track = Numb inserted
2025-05-03 18:58:06,548 - INFO - Track = Ghetto Symphony inserted
2025-05-03 18:58:06,564 - INFO - Track = Stamped inserted
2025-05-03 18:58:08,322 - INFO - Track = Bands Gone inserted
2025-05-03 18:58:10,378 - INFO - Track = Water inserted
2025-05-03 18:58:10,987 - INFO - Track = Out of Kontrol/Paparazzi inserted
2025-05-03 18:58:12,198 - INFO - Track = Rave inserted
2025-05-03 18:58:14,648 - INFO - Track = Cassava Leaf inserted
2025-05-03 18:58:16,053 - INFO - Track = Yo Lane inserted
2025-05-03 18:58:16,079 - INFO - Track = BTA inserted
2025-05-03 18:58:19,322 - INFO - Track = Fried inserted
2025-05-03 18:58:19,512 - INFO - Track = Used To Be inserted
2025-05-03 18:58:20,946 - INFO - Track = What You Said inserted
2025-05-03 18:58:23,102 - INFO - Track = Swervo inserted
2025-05-03 18:58:24,531 - INFO - Track = Late Night Drinks inserted
2025-05-03 18:58:25,025 - INFO - Track = Face Card inserted
2025-05-03 18:58:27,682 - INFO - Track = Make It Work inserted
2025-05-03 18:58:27,880 - INFO - Track = Hope You Know inserted
2025-05-03 18:58:35,266 - INFO - Track = 16 CARRIAGES inserted
2025-05-03 18:58:35,447 - INFO - Track = BLACKBIIRD inserted
2025-05-03 18:58:36,279 - INFO - Track = AMERIICAN REQUIEM inserted
2025-05-03 18:58:41,640 - INFO - Track = PROTECTOR inserted
2025-05-03 18:58:42,673 - INFO - Track = MY ROSE inserted
2025-05-03 18:58:47,818 - INFO - Track = TEXAS HOLD 'EM inserted
2025-05-03 18:58:48,104 - INFO - Track = BODYGUARD inserted
2025-05-03 18:58:48,495 - INFO - Track = DOLLY P inserted
2025-05-03 18:58:52,470 - INFO - Track = SPAGHETTII inserted
2025-05-03 18:58:53,131 - INFO - Track = DAUGHTER inserted
2025-05-03 18:58:53,534 - INFO - Track = JOLENE inserted
2025-05-03 18:58:57,532 - INFO - Track = ALLIIGATOR TEARS inserted
2025-05-03 18:58:58,300 - INFO - Track = SMOKE HOUR II inserted
2025-05-03 18:58:59,193 - INFO - Track = JUST FOR FUN inserted
2025-05-03 18:59:03,458 - INFO - Track = II MOST WANTED inserted
2025-05-03 18:59:04,258 - INFO - Track = LEVII'S JEANS inserted
2025-05-03 18:59:05,284 - INFO - Track = FLAMENCO inserted
2025-05-03 18:59:08,654 - INFO - Track = THE LINDA MARTELL SHOW inserted
2025-05-03 18:59:08,842 - INFO - Track = YA YA inserted
2025-05-03 18:59:11,033 - INFO - Track = OH LOUISIANA inserted
2025-05-03 18:59:13,922 - INFO - Track = DESERT EAGLE inserted
2025-05-03 18:59:15,008 - INFO - Track = RIIVERDANCE inserted
2025-05-03 18:59:18,008 - INFO - Track = II HANDS II HEAVEN inserted
2025-05-03 18:59:19,673 - INFO - Track = TYRANT inserted
2025-05-03 18:59:22,114 - INFO - Track = AMEN inserted
2025-05-03 18:59:26,848 - INFO - Track = Hold Up inserted
2025-05-03 18:59:27,941 - INFO - Track = Pray You Catch Me inserted
2025-05-03 18:59:28,191 - INFO - Track = Don't Hurt Yourself inserted
2025-05-03 18:59:32,223 - INFO - Track = 6 Inch inserted
2025-05-03 18:59:34,243 - INFO - Track = Daddy Lessons inserted
2025-05-03 18:59:34,635 - INFO - Track = Sorry inserted
2025-05-03 18:59:38,200 - INFO - Track = Sandcastles inserted
2025-05-03 18:59:38,204 - INFO - Track = Love Drought inserted
2025-05-03 18:59:39,765 - INFO - Track = Forward inserted
2025-05-03 18:59:43,609 - INFO - Track = Freedom inserted
2025-05-03 18:59:44,433 - INFO - Track = All Night inserted
2025-05-03 18:59:46,363 - INFO - Track = Formation inserted
2025-05-03 18:59:53,456 - INFO - Track = COZY inserted
2025-05-03 18:59:54,358 - INFO - Track = ALIEN SUPERSTAR inserted
2025-05-03 18:59:55,575 - INFO - Track = I'M THAT GIRL inserted
2025-05-03 19:00:01,213 - INFO - Track = BREAK MY SOUL inserted
2025-05-03 19:00:02,717 - INFO - Track = ENERGY inserted
2025-05-03 19:00:04,981 - INFO - Track = CHURCH GIRL inserted
2025-05-03 19:00:06,446 - INFO - Track = PLASTIC OFF THE SOFA inserted
2025-05-03 19:00:07,199 - INFO - Track = VIRGO'S GROOVE inserted
2025-05-03 19:00:09,749 - INFO - Track = MOVE inserted
2025-05-03 19:00:11,330 - INFO - Track = THIQUE inserted
2025-05-03 19:00:16,661 - INFO - Track = ALL UP IN YOUR MIND inserted
2025-05-03 19:00:17,720 - INFO - Track = HEATED inserted
2025-05-03 19:00:23,552 - INFO - Track = SUMMER RENAISSANCE inserted
2025-05-03 19:00:24,507 - INFO - Track = PURE/HONEY inserted
2025-05-03 19:00:28,338 - INFO - Track = don't wanna break up again inserted
2025-05-03 19:00:28,795 - INFO - Track = intro (end of the world) inserted
2025-05-03 19:00:29,751 - INFO - Track = bye inserted
2025-05-03 19:00:32,129 - INFO - Track = Saturn Returns Interlude inserted
2025-05-03 19:00:33,319 - INFO - Track = eternal sunshine inserted
2025-05-03 19:00:34,032 - INFO - Track = supernatural inserted
2025-05-03 19:00:36,391 - INFO - Track = true story inserted
2025-05-03 19:00:38,034 - INFO - Track = the boy is mine inserted
2025-05-03 19:00:39,169 - INFO - Track = yes, and? inserted
2025-05-03 19:00:40,864 - INFO - Track = we can't be friends (wait for your love) inserted
2025-05-03 19:00:43,221 - INFO - Track = i wish i hated you inserted
2025-05-03 19:00:45,110 - INFO - Track = ordinary things inserted
2025-05-03 19:00:46,852 - INFO - Track = imperfect for you inserted
2025-05-03 19:00:50,349 - INFO - Track = bye inserted
2025-05-03 19:00:50,485 - INFO - Track = intro (end of the world) inserted
2025-05-03 19:00:51,543 - INFO - Track = don't wanna break up again inserted
2025-05-03 19:00:54,032 - INFO - Track = Saturn Returns Interlude inserted
2025-05-03 19:00:54,565 - INFO - Track = eternal sunshine inserted
2025-05-03 19:00:55,200 - INFO - Track = supernatural inserted
2025-05-03 19:00:57,771 - INFO - Track = true story inserted
2025-05-03 19:00:58,792 - INFO - Track = the boy is mine inserted
2025-05-03 19:01:00,074 - INFO - Track = yes, and? inserted
2025-05-03 19:01:02,756 - INFO - Track = we can't be friends (wait for your love) inserted
2025-05-03 19:01:03,013 - INFO - Track = i wish i hated you inserted
2025-05-03 19:01:03,628 - INFO - Track = imperfect for you inserted
2025-05-03 19:01:06,305 - INFO - Track = ordinary things inserted
2025-05-03 19:01:12,116 - INFO - Track = Training Season inserted
2025-05-03 19:01:12,293 - INFO - Track = End of an Era inserted
2025-05-03 19:01:16,223 - INFO - Track = Houdini inserted
2025-05-03 19:01:16,521 - INFO - Track = These Walls inserted
2025-05-03 19:01:19,406 - INFO - Track = Whatcha Doing inserted
2025-05-03 19:01:21,647 - INFO - Track = French Exit inserted
2025-05-03 19:01:25,170 - INFO - Track = Falling Forever inserted
2025-05-03 19:01:25,172 - INFO - Track = Illusion inserted
2025-05-03 19:01:27,850 - INFO - Track = Anything for Love inserted
2025-05-03 19:01:30,491 - INFO - Track = Maria inserted
2025-05-03 19:01:31,934 - INFO - Track = Happy for You inserted
2025-05-03 19:01:37,122 - INFO - Track = Don't Start Now inserted
2025-05-03 19:01:37,126 - INFO - Track = Future Nostalgia inserted
2025-05-03 19:01:37,920 - INFO - Track = Cool inserted
2025-05-03 19:01:42,901 - INFO - Track = Pretty Please inserted
2025-05-03 19:01:43,093 - INFO - Track = Physical inserted
2025-05-03 19:01:43,845 - INFO - Track = Levitating inserted
2025-05-03 19:01:48,162 - INFO - Track = Love Again inserted
2025-05-03 19:01:50,614 - INFO - Track = Break My Heart inserted
2025-05-03 19:01:50,639 - INFO - Track = Hallucinate inserted
2025-05-03 19:01:54,186 - INFO - Track = Good in Bed inserted
2025-05-03 19:01:54,874 - INFO - Track = Boys Will Be Boys inserted
2025-05-03 19:02:01,604 - INFO - Track = Maroon inserted
2025-05-03 19:02:01,844 - INFO - Track = Lavender Haze inserted
2025-05-03 19:02:06,035 - INFO - Track = Anti-Hero inserted
2025-05-03 19:02:06,852 - INFO - Track = Snow on the Beach inserted
2025-05-03 19:02:09,972 - INFO - Track = You're on Your Own, Kid inserted
2025-05-03 19:02:11,358 - INFO - Track = Midnight Rain inserted
2025-05-03 19:02:15,318 - INFO - Track = Question...? inserted
2025-05-03 19:02:16,902 - INFO - Track = Bejeweled inserted
2025-05-03 19:02:17,124 - INFO - Track = Vigilante Shit inserted
2025-05-03 19:02:21,107 - INFO - Track = Karma inserted
2025-05-03 19:02:21,421 - INFO - Track = Labyrinth inserted
2025-05-03 19:02:23,154 - INFO - Track = Sweet Nothing inserted
2025-05-03 19:02:29,898 - INFO - Track = Mastermind inserted
2025-05-03 19:02:34,572 - INFO - Track = the last great american dynasty inserted
2025-05-03 19:02:36,978 - INFO - Track = the 1 inserted
2025-05-03 19:02:38,889 - INFO - Track = cardigan inserted
2025-05-03 19:02:41,679 - INFO - Track = exile inserted
2025-05-03 19:02:44,510 - INFO - Track = my tears ricochet inserted
2025-05-03 19:02:45,214 - INFO - Track = mirrorball inserted
2025-05-03 19:02:47,120 - INFO - Track = seven inserted
2025-05-03 19:02:49,636 - INFO - Track = this is me trying inserted
2025-05-03 19:02:50,130 - INFO - Track = august inserted
2025-05-03 19:02:53,380 - INFO - Track = illicit affairs inserted
2025-05-03 19:02:53,830 - INFO - Track = invisible string inserted
2025-05-03 19:02:58,065 - INFO - Track = betty inserted
2025-05-03 19:02:58,138 - INFO - Track = mad woman inserted
2025-05-03 19:03:01,653 - INFO - Track = epiphany inserted
2025-05-03 19:03:04,660 - INFO - Track = hoax inserted
2025-05-03 19:03:06,311 - INFO - Track = peace inserted
2025-05-03 19:03:08,521 - INFO - Track = the lakes inserted
2025-05-03 19:03:15,045 - INFO - Track = Moonlight inserted
2025-05-03 19:03:15,965 - INFO - Track = Dangerous Woman inserted
2025-05-03 19:03:16,042 - INFO - Track = Be Alright inserted
2025-05-03 19:03:22,578 - INFO - Track = Into You inserted
2025-05-03 19:03:26,369 - INFO - Track = Greedy inserted
2025-05-03 19:03:30,778 - INFO - Track = Bad Decisions inserted
2025-05-03 19:03:32,321 - INFO - Track = Sometimes inserted
2025-05-03 19:03:32,607 - INFO - Track = I Don't Care inserted
2025-05-03 19:03:37,246 - INFO - Track = Touch It inserted
2025-05-03 19:03:38,680 - INFO - Track = Knew Better / Forever Boy inserted
2025-05-03 19:03:39,516 - INFO - Track = Thinking Bout You inserted
2025-05-03 19:03:46,704 - INFO - Track = blazed inserted
2025-05-03 19:03:46,986 - INFO - Track = raindrops (an angel cried) inserted
2025-05-03 19:03:47,284 - INFO - Track = the light is coming inserted
2025-05-03 19:03:52,715 - INFO - Track = God is a woman inserted
2025-05-03 19:03:53,199 - INFO - Track = sweetener inserted
2025-05-03 19:03:53,630 - INFO - Track = R.E.M inserted
2025-05-03 19:03:58,435 - INFO - Track = breathin inserted
2025-05-03 19:03:58,998 - INFO - Track = successful inserted
2025-05-03 19:03:59,598 - INFO - Track = everytime inserted
2025-05-03 19:04:05,604 - INFO - Track = no tears left to cry inserted
2025-05-03 19:04:05,862 - INFO - Track = better off inserted
2025-05-03 19:04:06,733 - INFO - Track = borderline inserted
2025-05-03 19:04:12,863 - INFO - Track = goodnight n go inserted
2025-05-03 19:04:14,369 - INFO - Track = get well soon inserted
2025-05-03 19:04:14,381 - INFO - Track = pete davidson inserted
2025-05-03 19:04:18,981 - INFO - Track = Who's That Boy inserted
2025-05-03 19:04:19,119 - INFO - Track = You're My Only Shorty inserted
2025-05-03 19:04:19,997 - INFO - Track = All Night Long inserted
2025-05-03 19:04:24,620 - INFO - Track = Together inserted
2025-05-03 19:04:24,788 - INFO - Track = Lightweight inserted
2025-05-03 19:04:25,025 - INFO - Track = Unbroken inserted
2025-05-03 19:04:29,742 - INFO - Track = Hold Up inserted
2025-05-03 19:04:30,571 - INFO - Track = Fix a Heart inserted
2025-05-03 19:04:30,753 - INFO - Track = Mistake inserted
2025-05-03 19:04:34,282 - INFO - Track = Give Your Heart a Break inserted
2025-05-03 19:04:35,416 - INFO - Track = In Real Life inserted
2025-05-03 19:04:37,525 - INFO - Track = Skyscraper inserted
2025-05-03 19:04:39,499 - INFO - Track = My Love Is Like a Star inserted
2025-05-03 19:04:40,252 - INFO - Track = For the Love of a Daughter inserted
2025-05-03 19:04:42,147 - INFO - Track = Skyscraper (Wizz Dumb Remix) inserted
2025-05-03 19:04:48,948 - INFO - Track = MOTIVE inserted
2025-05-03 19:04:49,825 - INFO - Track = shut up inserted
2025-05-03 19:04:50,819 - INFO - Track = 34+35 inserted
2025-05-03 19:04:55,254 - INFO - Track = just like magic inserted
2025-05-03 19:04:57,041 - INFO - Track = off the table inserted
2025-05-03 19:04:57,688 - INFO - Track = six thirty inserted
2025-05-03 19:05:02,024 - INFO - Track = my hair inserted
2025-05-03 19:05:02,245 - INFO - Track = safety net inserted
2025-05-03 19:05:03,615 - INFO - Track = nasty inserted
2025-05-03 19:05:07,696 - INFO - Track = west side inserted
2025-05-03 19:05:10,120 - INFO - Track = love language inserted
2025-05-03 19:05:12,068 - INFO - Track = positions inserted
2025-05-03 19:05:15,392 - INFO - Track = obvious inserted
2025-05-03 19:05:16,963 - INFO - Track = pov inserted
2025-05-03 19:05:22,308 - INFO - Track = 2 Much inserted
2025-05-03 19:05:23,025 - INFO - Track = As I Am inserted
2025-05-03 19:05:23,969 - INFO - Track = Deserve You inserted
2025-05-03 19:05:28,754 - INFO - Track = Off My Face inserted
2025-05-03 19:05:29,616 - INFO - Track = Unstable inserted
2025-05-03 19:05:30,118 - INFO - Track = Holy inserted
2025-05-03 19:05:32,786 - INFO - Track = MLK Interlude inserted
2025-05-03 19:05:36,084 - INFO - Track = Hold On inserted
2025-05-03 19:05:36,445 - INFO - Track = Die for You inserted
2025-05-03 19:05:37,612 - INFO - Track = Somebody inserted
2025-05-03 19:05:42,713 - INFO - Track = Love You Different inserted
2025-05-03 19:05:43,198 - INFO - Track = Ghost inserted
2025-05-03 19:05:45,899 - INFO - Track = Peaches inserted
2025-05-03 19:05:47,514 - INFO - Track = Loved by You inserted
2025-05-03 19:05:48,156 - INFO - Track = Anyone inserted
2025-05-03 19:05:51,269 - INFO - Track = Lonely inserted
2025-05-03 19:05:56,746 - INFO - Track = Mark My Words inserted
2025-05-03 19:05:57,075 - INFO - Track = I'll Show You inserted
2025-05-03 19:05:59,341 - INFO - Track = What Do You Mean? inserted
2025-05-03 19:06:04,158 - INFO - Track = Love Yourself inserted
2025-05-03 19:06:05,124 - INFO - Track = Company inserted
2025-05-03 19:06:06,480 - INFO - Track = Sorry inserted
2025-05-03 19:06:10,457 - INFO - Track = No Pressure inserted
2025-05-03 19:06:11,511 - INFO - Track = No Sense inserted
2025-05-03 19:06:12,276 - INFO - Track = The Feeling inserted
2025-05-03 19:06:16,514 - INFO - Track = Life Is Worth Living inserted
2025-05-03 19:06:18,387 - INFO - Track = Children inserted
2025-05-03 19:06:20,889 - INFO - Track = Where Are Ü Now? inserted
2025-05-03 19:06:22,976 - INFO - Track = Purpose inserted
2025-05-03 19:06:24,896 - INFO - Track = Been You inserted
2025-05-03 19:06:27,715 - INFO - Track = Get Used to It inserted
2025-05-03 19:06:29,015 - INFO - Track = We Are inserted
2025-05-03 19:06:33,606 - INFO - Track = All in It inserted
2025-05-03 19:06:38,333 - INFO - Track = Habitual inserted
2025-05-03 19:06:38,884 - INFO - Track = Come Around Me inserted
2025-05-03 19:06:40,082 - INFO - Track = All Around Me inserted
2025-05-03 19:06:42,902 - INFO - Track = Intentions inserted
2025-05-03 19:06:45,298 - INFO - Track = Available inserted
2025-05-03 19:06:49,235 - INFO - Track = Yummy inserted
2025-05-03 19:06:49,498 - INFO - Track = Forever inserted
2025-05-03 19:06:50,090 - INFO - Track = Running Over inserted
2025-05-03 19:06:54,096 - INFO - Track = Take It Out on Me inserted
2025-05-03 19:06:54,562 - INFO - Track = Second Emotion inserted
2025-05-03 19:06:56,378 - INFO - Track = Get Me inserted
2025-05-03 19:06:59,106 - INFO - Track = E.T.A. inserted
2025-05-03 19:07:00,117 - INFO - Track = Changes inserted
2025-05-03 19:07:01,344 - INFO - Track = Confirmation inserted
2025-05-03 19:07:04,219 - INFO - Track = That's What Love Is inserted
2025-05-03 19:07:05,258 - INFO - Track = At Least for Now inserted
2025-05-03 19:07:05,794 - INFO - Track = Yummy inserted
2025-05-03 19:07:10,593 - INFO - Track = Old Ways inserted
2025-05-03 19:07:12,238 - INFO - Track = Cool for the Summer inserted
2025-05-03 19:07:12,519 - INFO - Track = Confident inserted
2025-05-03 19:07:15,837 - INFO - Track = For You inserted
2025-05-03 19:07:18,468 - INFO - Track = Stone Cold inserted
2025-05-03 19:07:23,190 - INFO - Track = Lionheart inserted
2025-05-03 19:07:23,192 - INFO - Track = Wildfire inserted
2025-05-03 19:07:24,805 - INFO - Track = Yes inserted
2025-05-03 19:07:29,418 - INFO - Track = Father inserted
2025-05-03 19:07:33,029 - INFO - Track = She Loves Control inserted
2025-05-03 19:07:35,979 - INFO - Track = All These Years inserted
2025-05-03 19:07:37,210 - INFO - Track = Never Be the Same inserted
2025-05-03 19:07:41,288 - INFO - Track = Inside Out inserted
2025-05-03 19:07:42,669 - INFO - Track = Consequences inserted
2025-05-03 19:07:44,198 - INFO - Track = Havana inserted
2025-05-03 19:07:46,878 - INFO - Track = Real Friends inserted
2025-05-03 19:07:47,649 - INFO - Track = Something's Gotta Give inserted
2025-05-03 19:07:50,268 - INFO - Track = In the Dark inserted
2025-05-03 19:07:52,828 - INFO - Track = Into It inserted
2025-05-03 19:07:56,651 - INFO - Track = Shameless inserted
2025-05-03 19:07:56,669 - INFO - Track = Living Proof inserted
2025-05-03 19:07:58,978 - INFO - Track = Should've Said It inserted
2025-05-03 19:08:02,166 - INFO - Track = My Oh My inserted
2025-05-03 19:08:02,685 - INFO - Track = Señorita inserted
2025-05-03 19:08:03,072 - INFO - Track = Liar inserted
2025-05-03 19:08:07,005 - INFO - Track = Bad Kind of Butterflies inserted
2025-05-03 19:08:08,692 - INFO - Track = Easy inserted
2025-05-03 19:08:10,068 - INFO - Track = Feel It Twice inserted
2025-05-03 19:08:13,278 - INFO - Track = Dream of You inserted
2025-05-03 19:08:16,104 - INFO - Track = This Love inserted
2025-05-03 19:08:16,312 - INFO - Track = Cry for Me inserted
2025-05-03 19:08:20,581 - INFO - Track = First Man inserted
2025-05-03 19:08:21,305 - INFO - Track = Used to This inserted
2025-05-03 19:08:27,022 - INFO - Track = Meet Me in the Hallway inserted
2025-05-03 19:08:28,374 - INFO - Track = Carolina inserted
2025-05-03 19:08:29,874 - INFO - Track = Sign of the Times inserted
2025-05-03 19:08:32,618 - INFO - Track = Two Ghosts inserted
2025-05-03 19:08:34,959 - INFO - Track = Sweet Creature inserted
2025-05-03 19:08:36,155 - INFO - Track = Only Angel inserted
2025-05-03 19:08:39,538 - INFO - Track = Kiwi inserted
2025-05-03 19:08:41,581 - INFO - Track = Ever Since New York inserted
2025-05-03 19:08:42,078 - INFO - Track = Woman inserted
2025-05-03 19:08:44,303 - INFO - Track = From the Dining Table inserted
2025-05-03 19:08:49,491 - INFO - Track = Watermelon Sugar inserted
2025-05-03 19:08:50,507 - INFO - Track = Adore You inserted
2025-05-03 19:08:50,602 - INFO - Track = Golden inserted
2025-05-03 19:08:53,571 - INFO - Track = Lights Up inserted
2025-05-03 19:08:55,119 - INFO - Track = Falling inserted
2025-05-03 19:08:56,779 - INFO - Track = Cherry inserted
2025-05-03 19:08:59,411 - INFO - Track = She inserted
2025-05-03 19:08:59,792 - INFO - Track = To Be So Lonely inserted
2025-05-03 19:09:01,519 - INFO - Track = Sunflower, Vol. 6 inserted
2025-05-03 19:09:04,267 - INFO - Track = Canyon Moon inserted
2025-05-03 19:09:06,341 - INFO - Track = Fine Line inserted
2025-05-03 19:09:07,051 - INFO - Track = Treat People With Kindness inserted
2025-05-03 19:09:13,444 - INFO - Track = Grapejuice inserted
2025-05-03 19:09:13,449 - INFO - Track = Music for a Sushi Restaurant inserted
2025-05-03 19:09:13,888 - INFO - Track = Late Night Talking inserted
2025-05-03 19:09:19,396 - INFO - Track = Little Freak inserted
2025-05-03 19:09:19,680 - INFO - Track = As It Was inserted
2025-05-03 19:09:21,138 - INFO - Track = Daylight inserted
2025-05-03 19:09:24,990 - INFO - Track = Cinema inserted
2025-05-03 19:09:25,289 - INFO - Track = Matilda inserted
2025-05-03 19:09:27,234 - INFO - Track = Daydreaming inserted
2025-05-03 19:09:29,816 - INFO - Track = Keep Driving inserted
2025-05-03 19:09:30,909 - INFO - Track = Satellite inserted
2025-05-03 19:09:33,669 - INFO - Track = Boyfriends inserted
2025-05-03 19:09:34,515 - INFO - Track = Love of My Life inserted
2025-05-03 19:09:39,101 - INFO - Track = Steal My Girl inserted
2025-05-03 19:09:39,650 - INFO - Track = Ready to Run inserted
2025-05-03 19:09:40,140 - INFO - Track = Where Do Broken Hearts Go inserted
2025-05-03 19:09:44,526 - INFO - Track = Girl Almighty inserted
2025-05-03 19:09:44,726 - INFO - Track = 18 inserted
2025-05-03 19:09:45,446 - INFO - Track = Fool's Gold inserted
2025-05-03 19:09:49,223 - INFO - Track = Night Changes inserted
2025-05-03 19:09:50,161 - INFO - Track = No Control inserted
2025-05-03 19:09:52,547 - INFO - Track = Fireproof inserted
2025-05-03 19:09:55,088 - INFO - Track = Spaces inserted
2025-05-03 19:09:55,654 - INFO - Track = Stockholm Syndrome inserted
2025-05-03 19:09:57,139 - INFO - Track = Clouds inserted
2025-05-03 19:10:02,008 - INFO - Track = Drag Me Down inserted
2025-05-03 19:10:02,192 - INFO - Track = Hey Angel inserted
2025-05-03 19:10:02,401 - INFO - Track = Perfect inserted
2025-05-03 19:10:07,748 - INFO - Track = End of the Day inserted
2025-05-03 19:10:08,265 - INFO - Track = Infinity inserted
2025-05-03 19:10:08,367 - INFO - Track = If I Could Fly inserted
2025-05-03 19:10:12,198 - INFO - Track = Long Way Down inserted
2025-05-03 19:10:13,293 - INFO - Track = Never Enough inserted
2025-05-03 19:10:15,177 - INFO - Track = Olivia inserted
2025-05-03 19:10:18,203 - INFO - Track = What a Feeling inserted
2025-05-03 19:10:18,422 - INFO - Track = Love You Goodbye inserted
2025-05-03 19:10:22,372 - INFO - Track = History inserted
2025-05-03 19:10:24,231 - INFO - Track = I Want to Write You a Song inserted
2025-05-03 19:10:30,174 - INFO - Track = Graduation Day inserted
2025-05-03 19:10:30,284 - INFO - Track = Intro inserted
2025-05-03 19:10:31,630 - INFO - Track = We Don't Care inserted
2025-05-03 19:10:36,139 - INFO - Track = I'll Fly Away inserted
2025-05-03 19:10:38,152 - INFO - Track = Spaceship inserted
2025-05-03 19:10:38,343 - INFO - Track = All Falls Down inserted
2025-05-03 19:10:44,897 - INFO - Track = Jesus Walks inserted
2025-05-03 19:10:45,622 - INFO - Track = Get Em High inserted
2025-05-03 19:10:45,870 - INFO - Track = Never Let Me Down inserted
2025-05-03 19:10:51,845 - INFO - Track = Workout Plan inserted
2025-05-03 19:10:53,477 - INFO - Track = Slow Jamz inserted
2025-05-03 19:10:53,518 - INFO - Track = The New Workout Plan inserted
2025-05-03 19:10:57,984 - INFO - Track = School Spirit Skit 1 inserted
2025-05-03 19:10:58,260 - INFO - Track = Breathe In Breathe Out inserted
2025-05-03 19:11:00,267 - INFO - Track = School Spirit inserted
2025-05-03 19:11:03,391 - INFO - Track = School Spirit Skit 2 inserted
2025-05-03 19:11:04,277 - INFO - Track = Lil Jimmy Skit inserted
2025-05-03 19:11:08,630 - INFO - Track = Family Business inserted
2025-05-03 19:11:08,658 - INFO - Track = Two Words inserted
2025-05-03 19:11:11,925 - INFO - Track = Through the Wire inserted
2025-05-03 19:11:18,097 - INFO - Track = Last Call inserted
2025-05-03 19:11:25,146 - INFO - Track = Wake Up Mr. West inserted
2025-05-03 19:11:26,534 - INFO - Track = Heard 'Em Say inserted
2025-05-03 19:11:27,151 - INFO - Track = Touch the Sky inserted
2025-05-03 19:11:32,840 - INFO - Track = Drive Slow inserted
2025-05-03 19:11:33,911 - INFO - Track = Gold Digger inserted
2025-05-03 19:11:37,827 - INFO - Track = My Way Home inserted
2025-05-03 19:11:38,582 - INFO - Track = Crack Music inserted
2025-05-03 19:11:39,998 - INFO - Track = Roses inserted
2025-05-03 19:11:43,617 - INFO - Track = Bring Me Down inserted
2025-05-03 19:11:44,447 - INFO - Track = Addiction inserted
2025-05-03 19:11:51,388 - INFO - Track = Hey Mama inserted
2025-05-03 19:11:52,371 - INFO - Track = We Major inserted
2025-05-03 19:11:53,211 - INFO - Track = Celebration inserted
2025-05-03 19:11:59,372 - INFO - Track = Diamonds From Sierra Leone inserted
2025-05-03 19:11:59,379 - INFO - Track = Gone inserted
2025-05-03 19:12:02,451 - INFO - Track = Late inserted
2025-05-03 19:12:09,583 - INFO - Track = Wesley's Theory inserted
2025-05-03 19:12:10,493 - INFO - Track = For Free? (interlude) inserted
2025-05-03 19:12:11,559 - INFO - Track = King Kunta inserted
2025-05-03 19:12:14,866 - INFO - Track = Institutionalized inserted
2025-05-03 19:12:17,199 - INFO - Track = u inserted
2025-05-03 19:12:17,958 - INFO - Track = These Walls inserted
2025-05-03 19:12:20,769 - INFO - Track = Alright inserted
2025-05-03 19:12:22,394 - INFO - Track = Momma inserted
2025-05-03 19:12:27,222 - INFO - Track = Hood Politics inserted
2025-05-03 19:12:28,895 - INFO - Track = How Much a Dollar Cost inserted
2025-05-03 19:12:29,721 - INFO - Track = Complexion (A Zulu Love) inserted
2025-05-03 19:12:34,447 - INFO - Track = You Ain't Gotta Lie (Momma Said) inserted
2025-05-03 19:12:34,485 - INFO - Track = The Blacker the Berry inserted
2025-05-03 19:12:37,295 - INFO - Track = i inserted
2025-05-03 19:12:43,314 - INFO - Track = Mortal Man inserted
2025-05-03 19:12:51,232 - INFO - Track = DNA inserted
2025-05-03 19:12:51,448 - INFO - Track = Blood inserted
2025-05-03 19:12:51,726 - INFO - Track = Yah inserted
2025-05-03 19:12:59,544 - INFO - Track = Loyalty inserted
2025-05-03 19:12:59,682 - INFO - Track = Element inserted
2025-05-03 19:13:00,117 - INFO - Track = Feel inserted
2025-05-03 19:13:04,273 - INFO - Track = Pride inserted
2025-05-03 19:13:05,694 - INFO - Track = Lust inserted
2025-05-03 19:13:09,298 - INFO - Track = HUMBLE. inserted
2025-05-03 19:13:09,673 - INFO - Track = Love inserted
2025-05-03 19:13:11,785 - INFO - Track = XXX inserted
2025-05-03 19:13:14,297 - INFO - Track = God inserted
2025-05-03 19:13:17,777 - INFO - Track = Fear inserted
2025-05-03 19:13:19,537 - INFO - Track = Duckworth inserted
2025-05-03 19:13:26,494 - INFO - Track = Lolo (Intro) inserted
2025-05-03 19:13:27,549 - INFO - Track = Fuck You inserted
2025-05-03 19:13:29,750 - INFO - Track = The Watcher inserted
2025-05-03 19:13:33,751 - INFO - Track = Big Ego's inserted
2025-05-03 19:13:37,459 - INFO - Track = Still D.R.E. inserted
2025-05-03 19:13:37,958 - INFO - Track = Xxplosive inserted
2025-05-03 19:13:39,432 - INFO - Track = What's the Difference inserted
2025-05-03 19:13:41,825 - INFO - Track = Bar One inserted
2025-05-03 19:13:43,410 - INFO - Track = Light Speed inserted
2025-05-03 19:13:49,532 - INFO - Track = Forgot About Dre inserted
2025-05-03 19:13:49,698 - INFO - Track = Let's Get High inserted
2025-05-03 19:13:54,267 - INFO - Track = The Car Bomb inserted
2025-05-03 19:13:55,193 - INFO - Track = Bitch Niggaz inserted
2025-05-03 19:13:56,094 - INFO - Track = The Next Episode inserted
2025-05-03 19:13:59,837 - INFO - Track = Murder Ink inserted
2025-05-03 19:14:00,956 - INFO - Track = Ed-Ucation inserted
2025-05-03 19:14:02,057 - INFO - Track = Some L.A. Niggaz inserted
2025-05-03 19:14:04,398 - INFO - Track = Pause 4 Porno inserted
2025-05-03 19:14:07,633 - INFO - Track = Housewife inserted
2025-05-03 19:14:07,859 - INFO - Track = Ackrite inserted
2025-05-03 19:14:09,556 - INFO - Track = Bang Bang inserted
2025-05-03 19:14:18,128 - INFO - Track = The Chronic (Intro) inserted
2025-05-03 19:14:21,098 - INFO - Track = Let Me Ride inserted
2025-05-03 19:14:24,058 - INFO - Track = The Day the Niggaz Took Over inserted
2025-05-03 19:14:24,524 - INFO - Track = Fuck Wit Dre Day (And Everybody's Celebratin') inserted
2025-05-03 19:14:30,897 - INFO - Track = Deeez Nuuuts inserted
2025-05-03 19:14:31,546 - INFO - Track = Lil' Ghetto Boy inserted
2025-05-03 19:14:36,115 - INFO - Track = A Nigga Witta Gun inserted
2025-05-03 19:14:36,950 - INFO - Track = Rat-Tat-Tat-Tat inserted
2025-05-03 19:14:40,086 - INFO - Track = The $20 Sack Pyramid inserted
2025-05-03 19:14:41,173 - INFO - Track = Nuthin' But a "G" Thang inserted
2025-05-03 19:14:43,413 - INFO - Track = Lyrical Gangbang inserted
2025-05-03 19:14:46,275 - INFO - Track = The Doctor's Office inserted
2025-05-03 19:14:46,418 - INFO - Track = High Powered inserted
2025-05-03 19:14:49,824 - INFO - Track = Stranded on Death Row inserted
2025-05-03 19:14:52,811 - INFO - Track = The Roach (The Chronic Outro) inserted
2025-05-03 19:14:54,458 - INFO - Track = Bitches Ain't Shit inserted
2025-05-03 19:14:57,811 - INFO - Track = Intro inserted
2025-05-03 19:15:00,612 - INFO - Track = What Up Gangsta inserted
2025-05-03 19:15:01,019 - INFO - Track = Patiently Waiting inserted
2025-05-03 19:15:06,394 - INFO - Track = High All The Time inserted
2025-05-03 19:15:08,142 - INFO - Track = Many Men (Wish Death) inserted
2025-05-03 19:15:12,987 - INFO - Track = Heat inserted
2025-05-03 19:15:13,600 - INFO - Track = In Da Club inserted
2025-05-03 19:15:14,008 - INFO - Track = If I Can't inserted
2025-05-03 19:15:17,317 - INFO - Track = Blood Hound inserted
2025-05-03 19:15:20,905 - INFO - Track = Back Down inserted
2025-05-03 19:15:22,607 - INFO - Track = Like My Style inserted
2025-05-03 19:15:22,916 - INFO - Track = P.I.M.P. inserted
2025-05-03 19:15:24,889 - INFO - Track = Poor Lil Rich inserted
2025-05-03 19:15:26,826 - INFO - Track = Don't Push Me inserted
2025-05-03 19:15:30,126 - INFO - Track = 21 Questions inserted
2025-05-03 19:15:30,430 - INFO - Track = Gotta Make It To Heaven inserted
2025-05-03 19:15:32,555 - INFO - Track = Wanksta inserted
2025-05-03 19:15:35,600 - INFO - Track = U Not Like Me inserted
2025-05-03 19:15:35,785 - INFO - Track = Life's on the Line inserted
2025-05-03 19:15:38,581 - INFO - Track = Intro inserted
2025-05-03 19:15:40,825 - INFO - Track = This Is 50 inserted
2025-05-03 19:15:41,502 - INFO - Track = In My Hood inserted
2025-05-03 19:15:45,227 - INFO - Track = Piggy Bank inserted
2025-05-03 19:15:46,024 - INFO - Track = I'm Supposed to Die Tonight inserted
2025-05-03 19:15:51,002 - INFO - Track = Outta Control inserted
2025-05-03 19:15:51,785 - INFO - Track = Get In My Car inserted
2025-05-03 19:15:55,795 - INFO - Track = Ski Mask Way inserted
2025-05-03 19:15:57,077 - INFO - Track = Ryder Music inserted
2025-05-03 19:15:57,400 - INFO - Track = A Baltimore Love Thing inserted
2025-05-03 19:16:01,142 - INFO - Track = Disco Inferno inserted
2025-05-03 19:16:02,762 - INFO - Track = Just A Lil Bit inserted
2025-05-03 19:16:04,047 - INFO - Track = Gunz Come Out inserted
2025-05-03 19:16:07,416 - INFO - Track = Position Of Power inserted
2025-05-03 19:16:10,597 - INFO - Track = God Gave Me Style inserted
2025-05-03 19:16:13,943 - INFO - Track = I Don't Need 'Em inserted
2025-05-03 19:16:24,802 - INFO - Track = STARGAZING inserted
2025-05-03 19:16:24,956 - INFO - Track = CAROUSEL inserted
2025-05-03 19:16:29,790 - INFO - Track = SICKO MODE inserted
2025-05-03 19:16:29,799 - INFO - Track = R.I.P. SCREW inserted
2025-05-03 19:16:33,080 - INFO - Track = STOP TRYING TO BE GOD inserted
2025-05-03 19:16:37,575 - INFO - Track = SKELETONS inserted
2025-05-03 19:16:38,860 - INFO - Track = NO BYSTANDERS inserted
2025-05-03 19:16:39,376 - INFO - Track = WAKE UP inserted
2025-05-03 19:16:44,949 - INFO - Track = ASTROTHUNDER inserted
2025-05-03 19:16:45,736 - INFO - Track = NC-17 inserted
2025-05-03 19:16:46,374 - INFO - Track = 5% TINT inserted
2025-05-03 19:16:49,675 - INFO - Track = YOSEMITE inserted
2025-05-03 19:16:50,709 - INFO - Track = WHO? WHAT! inserted
2025-05-03 19:16:54,199 - INFO - Track = CAN'T SAY inserted
2025-05-03 19:16:55,759 - INFO - Track = HOUSTONFORNICATION inserted
2025-05-03 19:16:57,387 - INFO - Track = BUTTERFLY EFFECT inserted
2025-05-03 19:17:00,373 - INFO - Track = COFFEE BEAN inserted
2025-05-03 19:17:04,612 - INFO - Track = THANK GOD inserted
2025-05-03 19:17:04,721 - INFO - Track = MODERN JAM inserted
2025-05-03 19:17:05,856 - INFO - Track = HYAENA inserted
2025-05-03 19:17:08,947 - INFO - Track = MY EYES inserted
2025-05-03 19:17:10,293 - INFO - Track = SIRENS inserted
2025-05-03 19:17:10,425 - INFO - Track = GOD'S COUNTRY inserted
2025-05-03 19:17:15,785 - INFO - Track = MELTDOWN inserted
2025-05-03 19:17:17,976 - INFO - Track = DELRESTO (ECHOES) inserted
2025-05-03 19:17:18,307 - INFO - Track = FE!N inserted
2025-05-03 19:17:19,863 - INFO - Track = I KNOW ? inserted
2025-05-03 19:17:22,229 - INFO - Track = TOPIA TWINS inserted
2025-05-03 19:17:23,907 - INFO - Track = CIRCUS MAXIMUS inserted
2025-05-03 19:17:24,648 - INFO - Track = PARASAIL inserted
2025-05-03 19:17:26,111 - INFO - Track = SKITZO inserted
2025-05-03 19:17:29,158 - INFO - Track = LOST FOREVER inserted
2025-05-03 19:17:30,192 - INFO - Track = LOOOVE inserted
2025-05-03 19:17:31,344 - INFO - Track = K-POP inserted
2025-05-03 19:17:34,918 - INFO - Track = TIL FURTHER NOTICE inserted
2025-05-03 19:17:37,008 - INFO - Track = TELEKINESIS inserted
2025-05-03 19:17:43,017 - INFO - Track = Slow Burn inserted
2025-05-03 19:17:43,232 - INFO - Track = Lonely Weekend inserted
2025-05-03 19:17:44,002 - INFO - Track = Butterflies inserted
2025-05-03 19:17:48,655 - INFO - Track = Mother inserted
2025-05-03 19:17:49,721 - INFO - Track = Love Is a Wild Thing inserted
2025-05-03 19:17:52,051 - INFO - Track = Oh, What a World inserted
2025-05-03 19:17:53,559 - INFO - Track = Space Cowboy inserted
2025-05-03 19:17:54,753 - INFO - Track = Happy & Sad inserted
2025-05-03 19:17:57,085 - INFO - Track = Velvet Elvis inserted
2025-05-03 19:17:58,322 - INFO - Track = Wonder Woman inserted
2025-05-03 19:18:00,826 - INFO - Track = High Horse inserted
2025-05-03 19:18:01,809 - INFO - Track = Golden Hour inserted
2025-05-03 19:18:02,949 - INFO - Track = Rainbow inserted
2025-05-03 19:18:06,343 - INFO - Track = Merry Go 'Round inserted
2025-05-03 19:18:07,208 - INFO - Track = My House inserted
2025-05-03 19:18:07,642 - INFO - Track = Silver Lining inserted
2025-05-03 19:18:11,033 - INFO - Track = Dandelion inserted
2025-05-03 19:18:12,143 - INFO - Track = I Miss You inserted
2025-05-03 19:18:12,303 - INFO - Track = Blowin' Smoke inserted
2025-05-03 19:18:16,178 - INFO - Track = Step Off inserted
2025-05-03 19:18:17,837 - INFO - Track = Keep It to Yourself inserted
2025-05-03 19:18:18,525 - INFO - Track = Back on the Map inserted
2025-05-03 19:18:20,995 - INFO - Track = Stupid inserted
2025-05-03 19:18:23,678 - INFO - Track = Follow Your Arrow inserted
2025-05-03 19:18:24,621 - INFO - Track = It Is What It Is inserted
2025-05-03 19:18:28,787 - INFO - Track = good wife inserted
2025-05-03 19:18:29,444 - INFO - Track = cherry blossom inserted
2025-05-03 19:18:29,670 - INFO - Track = star-crossed inserted
2025-05-03 19:18:33,758 - INFO - Track = if this was a movie.. inserted
2025-05-03 19:18:33,903 - INFO - Track = justified inserted
2025-05-03 19:18:34,218 - INFO - Track = simple times inserted
2025-05-03 19:18:37,742 - INFO - Track = camera roll inserted
2025-05-03 19:18:37,933 - INFO - Track = breadwinner inserted
2025-05-03 19:18:38,430 - INFO - Track = angel inserted
2025-05-03 19:18:41,707 - INFO - Track = hookup scene inserted
2025-05-03 19:18:42,231 - INFO - Track = keep lookin' up inserted
2025-05-03 19:18:42,972 - INFO - Track = easier said inserted
2025-05-03 19:18:47,168 - INFO - Track = there is a light inserted
2025-05-03 19:18:47,487 - INFO - Track = what doesn't kill me inserted
2025-05-03 19:18:47,670 - INFO - Track = gracias a la vida inserted
2025-05-03 19:18:52,284 - INFO - Track = Traveller inserted
2025-05-03 19:18:53,323 - INFO - Track = Fire Away inserted
2025-05-03 19:18:54,114 - INFO - Track = Tennessee Whiskey inserted
2025-05-03 19:18:55,955 - INFO - Track = Parachute inserted
2025-05-03 19:18:58,154 - INFO - Track = Nobody to Blame inserted
2025-05-03 19:18:58,610 - INFO - Track = Whiskey and You inserted
2025-05-03 19:19:01,621 - INFO - Track = More of You inserted
2025-05-03 19:19:02,701 - INFO - Track = Daddy Doesn't Pray Anymore inserted
2025-05-03 19:19:03,576 - INFO - Track = When the Stars Come Out inserted
2025-05-03 19:19:05,788 - INFO - Track = Might as Well Get Stoned inserted
2025-05-03 19:19:06,660 - INFO - Track = The Devil Named Music inserted
2025-05-03 19:19:07,720 - INFO - Track = Was It 26 inserted
2025-05-03 19:19:10,400 - INFO - Track = Outlaw State of Mind inserted
2025-05-03 19:19:12,297 - INFO - Track = Sometimes I Cry inserted
2025-05-03 19:19:15,634 - INFO - Track = Cold inserted
2025-05-03 19:19:15,741 - INFO - Track = Starting Over inserted
2025-05-03 19:19:15,928 - INFO - Track = Devil Always Made Me Think Twice inserted
2025-05-03 19:19:19,249 - INFO - Track = Arkansas inserted
2025-05-03 19:19:19,512 - INFO - Track = When I'm with You inserted
2025-05-03 19:19:20,151 - INFO - Track = Joy of My Life inserted
2025-05-03 19:19:22,657 - INFO - Track = Hillbilly Blood inserted
2025-05-03 19:19:23,426 - INFO - Track = Maggie's Song inserted
2025-05-03 19:19:24,671 - INFO - Track = Whiskey Sunrise inserted
2025-05-03 19:19:25,973 - INFO - Track = Worry B Gone inserted
2025-05-03 19:19:27,362 - INFO - Track = Old Friends inserted
2025-05-03 19:19:29,008 - INFO - Track = Watch You Burn inserted
2025-05-03 19:19:29,409 - INFO - Track = You Should Probably Leave inserted
2025-05-03 19:19:30,563 - INFO - Track = Nashville, TN inserted
2025-05-03 19:19:34,655 - INFO - Track = Last Thing I Needed, First Thing This Morning inserted
2025-05-03 19:19:34,935 - INFO - Track = Broken Halos inserted
2025-05-03 19:19:35,680 - INFO - Track = Second One to Know inserted
2025-05-03 19:19:39,000 - INFO - Track = Up to No Good Livin' inserted
2025-05-03 19:19:39,189 - INFO - Track = Either Way inserted
2025-05-03 19:19:40,010 - INFO - Track = I Was Wrong inserted
2025-05-03 19:19:43,611 - INFO - Track = Without Your Love inserted
2025-05-03 19:19:43,723 - INFO - Track = Them Stems inserted
2025-05-03 19:19:43,894 - INFO - Track = Death Row inserted
2025-05-03 19:19:47,575 - INFO - Track = Fearless inserted
2025-05-03 19:19:50,718 - INFO - Track = Fifteen inserted
2025-05-03 19:19:52,891 - INFO - Track = Hey Stephen inserted
2025-05-03 19:19:54,073 - INFO - Track = Love Story inserted
2025-05-03 19:19:55,124 - INFO - Track = White Horse inserted
2025-05-03 19:19:57,975 - INFO - Track = You Belong with Me inserted
2025-05-03 19:20:01,902 - INFO - Track = Tell Me Why inserted
2025-05-03 19:20:04,425 - INFO - Track = You're Not Sorry inserted
2025-05-03 19:20:05,228 - INFO - Track = The Way I Loved You inserted
2025-05-03 19:20:08,174 - INFO - Track = Forever & Always inserted
2025-05-03 19:20:10,720 - INFO - Track = Change inserted
2025-05-03 19:20:11,008 - INFO - Track = The Best Day inserted
2025-05-03 19:20:15,685 - INFO - Track = Back to December inserted
2025-05-03 19:20:16,623 - INFO - Track = Mine inserted
2025-05-03 19:20:17,158 - INFO - Track = Sparks Fly inserted
2025-05-03 19:20:22,317 - INFO - Track = Speak Now inserted
2025-05-03 19:20:23,283 - INFO - Track = Mean inserted
2025-05-03 19:20:23,338 - INFO - Track = Dear John inserted
2025-05-03 19:20:28,485 - INFO - Track = The Story of Us inserted
2025-05-03 19:20:29,082 - INFO - Track = Never Grow Up inserted
2025-05-03 19:20:30,573 - INFO - Track = Enchanted inserted
2025-05-03 19:20:33,947 - INFO - Track = Better Than Revenge inserted
2025-05-03 19:20:35,261 - INFO - Track = Haunted inserted
2025-05-03 19:20:35,882 - INFO - Track = Innocent inserted
2025-05-03 19:20:40,462 - INFO - Track = Last Kiss inserted
2025-05-03 19:20:41,116 - INFO - Track = Long Live inserted
2025-05-03 19:20:45,739 - INFO - Track = Red inserted
2025-05-03 19:20:46,919 - INFO - Track = Treacherous inserted
2025-05-03 19:20:47,113 - INFO - Track = State of Grace inserted
2025-05-03 19:20:51,412 - INFO - Track = All Too Well inserted
2025-05-03 19:20:51,687 - INFO - Track = I Knew You Were Trouble inserted
2025-05-03 19:20:51,721 - INFO - Track = 22 inserted
2025-05-03 19:20:56,317 - INFO - Track = I Almost Do inserted
2025-05-03 19:20:57,963 - INFO - Track = Stay Stay Stay inserted
2025-05-03 19:20:59,681 - INFO - Track = We Are Never Ever Getting Back Together inserted
2025-05-03 19:21:02,823 - INFO - Track = The Last Time inserted
2025-05-03 19:21:04,719 - INFO - Track = Holy Ground inserted
2025-05-03 19:21:05,168 - INFO - Track = Sad Beautiful Tragic inserted
2025-05-03 19:21:09,132 - INFO - Track = The Lucky One inserted
2025-05-03 19:21:10,753 - INFO - Track = Starlight inserted
2025-05-03 19:21:10,943 - INFO - Track = Everything Has Changed inserted
2025-05-03 19:21:15,734 - INFO - Track = Begin Again inserted
2025-05-03 19:21:19,974 - INFO - Track = Crash My Party inserted
2025-05-03 19:21:20,516 - INFO - Track = Beer in the Headlights inserted
2025-05-03 19:21:22,850 - INFO - Track = That's My Kind of Night inserted
2025-05-03 19:21:24,590 - INFO - Track = Roller Coaster inserted
2025-05-03 19:21:25,189 - INFO - Track = We Run This Town inserted
2025-05-03 19:21:27,636 - INFO - Track = Drink a Beer inserted
2025-05-03 19:21:29,047 - INFO - Track = I See You inserted
2025-05-03 19:21:29,749 - INFO - Track = Goodbye Girl inserted
2025-05-03 19:21:33,314 - INFO - Track = Blood Brothers inserted
2025-05-03 19:21:34,491 - INFO - Track = Play It Again inserted
2025-05-03 19:21:34,609 - INFO - Track = Out Like That inserted
2025-05-03 19:21:38,802 - INFO - Track = Shut It Down inserted
2025-05-03 19:21:39,005 - INFO - Track = Dirt Road Diary inserted
2025-05-03 19:21:42,431 - INFO - Track = What She Wants Tonight inserted
2025-05-03 19:21:43,093 - INFO - Track = Born Here Live Here Die Here inserted
2025-05-03 19:21:43,685 - INFO - Track = Knockin' Boots inserted
2025-05-03 19:21:46,534 - INFO - Track = One Margarita inserted
2025-05-03 19:21:47,193 - INFO - Track = Too Drunk to Drive inserted
2025-05-03 19:21:47,900 - INFO - Track = Build Me a Daddy inserted
2025-05-03 19:21:50,556 - INFO - Track = Little Less Broken inserted
2025-05-03 19:21:51,497 - INFO - Track = Where Are We Goin' inserted
2025-05-03 19:21:51,633 - INFO - Track = For a Boat inserted
2025-05-03 19:21:54,906 - INFO - Track = Down to One inserted
2025-05-03 19:21:59,453 - INFO - Track = Kick the Dust Up inserted
2025-05-03 19:22:00,019 - INFO - Track = Strip It Down inserted
2025-05-03 19:22:00,543 - INFO - Track = Kill the Lights inserted
2025-05-03 19:22:03,043 - INFO - Track = Razor Blade inserted
2025-05-03 19:22:04,573 - INFO - Track = Fast inserted
2025-05-03 19:22:07,417 - INFO - Track = Just Over inserted
2025-05-03 19:22:08,234 - INFO - Track = Move inserted
2025-05-03 19:22:09,509 - INFO - Track = Love It Gone inserted
2025-05-03 19:22:11,319 - INFO - Track = To the Moon and Back inserted
2025-05-03 19:22:11,642 - INFO - Track = Way Way Back inserted
2025-05-03 19:22:15,233 - INFO - Track = Huntin', Fishin' and Lovin' Every Day inserted
2025-05-03 19:22:16,429 - INFO - Track = Scarecrows inserted
2025-05-03 19:22:31,952 - INFO - Track = Chinese Dance inserted
2025-05-03 19:22:33,475 - INFO - Track = Dance of the Reed Flutes inserted
2025-05-03 19:22:33,600 - INFO - Track = Dance of the Sugar Plum Fairy inserted
2025-05-03 19:22:36,147 - INFO - Track = Arabian Dance inserted
2025-05-03 19:22:38,227 - INFO - Track = Russian Dance inserted
2025-05-03 19:22:38,479 - INFO - Track = Waltz of the Flowers inserted
2025-05-03 19:22:43,072 - INFO - Track = Andante Con Moto inserted
2025-05-03 19:22:43,776 - INFO - Track = Allegro con brio inserted
